"C:/Users/Exodi/Documents/Unreal Projects/YOON/Content/FirstPerson/Textures/FirstPersonCrosshair.uasset" 0
"C:/Users/Exodi/Documents/Unreal Projects/YOON/Content/FirstPerson/Textures/FirstPersonCrosshair.uexp" 1
"C:/Users/Exodi/Documents/Unreal Projects/YOON/Content/Weapons/Shotgun/EscopetaYon2.uasset" 2
"C:/Users/Exodi/Documents/Unreal Projects/YOON/Content/Weapons/Shotgun/EscopetaYon2.uexp" 3
"C:/Users/Exodi/Documents/Unreal Projects/YOON/Content/Weapons/Shotgun/EscopetaYon2.ubulk" 4
"C:/Users/Exodi/Documents/Unreal Projects/YOON/Content/Weapons/Shotgun/palette.uasset" 5
"C:/Users/Exodi/Documents/Unreal Projects/YOON/Content/Weapons/Shotgun/palette.uexp" 6
"C:/Users/Exodi/Documents/Unreal Projects/YOON/Content/Weapons/Shotgun/EscopetaYon1.uasset" 7
"C:/Users/Exodi/Documents/Unreal Projects/YOON/Content/Weapons/Shotgun/EscopetaYon1.uexp" 8
"C:/Users/Exodi/Documents/Unreal Projects/YOON/Content/Weapons/Shotgun/EscopetaYon1.ubulk" 9
"C:/Users/Exodi/Documents/Unreal Projects/YOON/Content/Weapons/Pistol/PistolYon1.uasset" 10
"C:/Users/Exodi/Documents/Unreal Projects/YOON/Content/Weapons/Pistol/PistolYon1.uexp" 11
"C:/Users/Exodi/Documents/Unreal Projects/YOON/Content/Weapons/Pistol/PistolYon1.ubulk" 12
"C:/Users/Exodi/Documents/Unreal Projects/YOON/Content/Weapons/Pistol/palette.uasset" 13
"C:/Users/Exodi/Documents/Unreal Projects/YOON/Content/Weapons/Pistol/palette.uexp" 14
"C:/Users/Exodi/Documents/Unreal Projects/YOON/Content/Weapons/Pistol/PistolYon3.uasset" 15
"C:/Users/Exodi/Documents/Unreal Projects/YOON/Content/Weapons/Pistol/PistolYon3.uexp" 16
"C:/Users/Exodi/Documents/Unreal Projects/YOON/Content/Weapons/Pistol/PistolYon.uasset" 17
"C:/Users/Exodi/Documents/Unreal Projects/YOON/Content/Weapons/Pistol/PistolYon.uexp" 18
"C:/Users/Exodi/Documents/Unreal Projects/YOON/Content/Weapons/Pistol/PistolYon.ubulk" 19
"C:/Users/Exodi/Documents/Unreal Projects/YOON/Content/Weapons/Pistol/Doom_Pistol_Sound_Effect.uasset" 20
"C:/Users/Exodi/Documents/Unreal Projects/YOON/Content/Weapons/Pistol/Doom_Pistol_Sound_Effect.uexp" 21
"C:/Users/Exodi/Documents/Unreal Projects/YOON/Content/Weapons/EscopetaYon3.uasset" 22
"C:/Users/Exodi/Documents/Unreal Projects/YOON/Content/Weapons/EscopetaYon3.uexp" 23
"C:/Users/Exodi/Documents/Unreal Projects/YOON/Content/Weapons/EscopetaYon3.ubulk" 24
"C:/Users/Exodi/Documents/Unreal Projects/YOON/Content/Weapons/palette.uasset" 25
"C:/Users/Exodi/Documents/Unreal Projects/YOON/Content/Weapons/palette.uexp" 26
"C:/Users/Exodi/Documents/Unreal Projects/YOON/Content/Weapons/EscopetaYon2.uasset" 27
"C:/Users/Exodi/Documents/Unreal Projects/YOON/Content/Weapons/EscopetaYon2.uexp" 28
"C:/Users/Exodi/Documents/Unreal Projects/YOON/Content/Sounds/Pain/shotgunkek.uasset" 29
"C:/Users/Exodi/Documents/Unreal Projects/YOON/Content/Sounds/Pain/shotgunkek.uexp" 30
"C:/Users/Exodi/Documents/Unreal Projects/YOON/Content/Sounds/Pain/pain3.uasset" 31
"C:/Users/Exodi/Documents/Unreal Projects/YOON/Content/Sounds/Pain/pain3.uexp" 32
"C:/Users/Exodi/Documents/Unreal Projects/YOON/Content/Sounds/Pain/pain2.uasset" 33
"C:/Users/Exodi/Documents/Unreal Projects/YOON/Content/Sounds/Pain/pain2.uexp" 34
"C:/Users/Exodi/Documents/Unreal Projects/YOON/Content/Sounds/Pain/pain1.uasset" 35
"C:/Users/Exodi/Documents/Unreal Projects/YOON/Content/Sounds/Pain/pain1.uexp" 36
"C:/Users/Exodi/Documents/Unreal Projects/YOON/Content/Sounds/Pain/PainCue.uasset" 37
"C:/Users/Exodi/Documents/Unreal Projects/YOON/Content/Sounds/Pain/PainCue.uexp" 38
"C:/Users/Exodi/Documents/Unreal Projects/YOON/Content/Maps/Main_MenuAsset/YOONpng.uasset" 39
"C:/Users/Exodi/Documents/Unreal Projects/YOON/Content/Maps/Main_MenuAsset/YOONpng.uexp" 40
"C:/Users/Exodi/Documents/Unreal Projects/YOON/Content/Materials/Damagescreen.uasset" 41
"C:/Users/Exodi/Documents/Unreal Projects/YOON/Content/Materials/Damagescreen.uexp" 42
"C:/Users/Exodi/Documents/Unreal Projects/YOON/Content/Materials/Damagescreen_Mat.uasset" 43
"C:/Users/Exodi/Documents/Unreal Projects/YOON/Content/Materials/Damagescreen_Mat.uexp" 44
"C:/Users/Exodi/Documents/Unreal Projects/YOON/Content/Materials/GameOver.uasset" 45
"C:/Users/Exodi/Documents/Unreal Projects/YOON/Content/Materials/GameOver.uexp" 46
"../../../Engine/Plugins/FX/Niagara/Content/DynamicInputs/Multiply/Multiply_VectorByFloat.uasset" 47
"../../../Engine/Plugins/FX/Niagara/Content/DynamicInputs/Multiply/Multiply_VectorByFloat.uexp" 48
"../../../Engine/Plugins/FX/Niagara/Content/DefaultAssets/DefaultRIbbonMaterial.uasset" 49
"../../../Engine/Plugins/FX/Niagara/Content/DefaultAssets/DefaultRIbbonMaterial.uexp" 50
"../../../Engine/Plugins/FX/Niagara/Content/Modules/Update/Color/Color.uasset" 51
"../../../Engine/Plugins/FX/Niagara/Content/Modules/Update/Color/Color.uexp" 52
"../../../Engine/Plugins/FX/Niagara/Content/Functions/Spline/FindPositionOnBezierSpline.uasset" 53
"../../../Engine/Plugins/FX/Niagara/Content/Functions/Spline/FindPositionOnBezierSpline.uexp" 54
"../../../Engine/Plugins/FX/Niagara/Content/Modules/Beams/UpdateBeam.uasset" 55
"../../../Engine/Plugins/FX/Niagara/Content/Modules/Beams/UpdateBeam.uexp" 56
"../../../Engine/Plugins/FX/Niagara/Content/Functions/NormalizedExecutionIndex.uasset" 57
"../../../Engine/Plugins/FX/Niagara/Content/Functions/NormalizedExecutionIndex.uexp" 58
"../../../Engine/Plugins/FX/Niagara/Content/Modules/Beams/SpawnBeam.uasset" 59
"../../../Engine/Plugins/FX/Niagara/Content/Modules/Beams/SpawnBeam.uexp" 60
"../../../Engine/Plugins/FX/Niagara/Content/Modules/Beams/BeamWidth.uasset" 61
"../../../Engine/Plugins/FX/Niagara/Content/Modules/Beams/BeamWidth.uexp" 62
"../../../Engine/Plugins/FX/Niagara/Content/Functions/Localspace/TransformBase.uasset" 63
"../../../Engine/Plugins/FX/Niagara/Content/Functions/Localspace/TransformBase.uexp" 64
"../../../Engine/Plugins/FX/Niagara/Content/Functions/Localspace/TransformVector.uasset" 65
"../../../Engine/Plugins/FX/Niagara/Content/Functions/Localspace/TransformVector.uexp" 66
"../../../Engine/Plugins/FX/Niagara/Content/Functions/Localspace/TransformPosition.uasset" 67
"../../../Engine/Plugins/FX/Niagara/Content/Functions/Localspace/TransformPosition.uexp" 68
"../../../Engine/Plugins/FX/Niagara/Content/Functions/DirectionAndLengthSafe.uasset" 69
"../../../Engine/Plugins/FX/Niagara/Content/Functions/DirectionAndLengthSafe.uexp" 70
"../../../Engine/Plugins/FX/Niagara/Content/DynamicInputs/Helpers/SimulationPosition.uasset" 71
"../../../Engine/Plugins/FX/Niagara/Content/DynamicInputs/Helpers/SimulationPosition.uexp" 72
"../../../Engine/Plugins/FX/Niagara/Content/Modules/Beams/BeamEmitterSetup.uasset" 73
"../../../Engine/Plugins/FX/Niagara/Content/Modules/Beams/BeamEmitterSetup.uexp" 74
"../../../Engine/Plugins/FX/Niagara/Content/Modules/Update/Lifetime/ParticleState.uasset" 75
"../../../Engine/Plugins/FX/Niagara/Content/Modules/Update/Lifetime/ParticleState.uexp" 76
"../../../Engine/Plugins/FX/Niagara/Content/Functions/LinearColor/HueShiftLinearColor.uasset" 77
"../../../Engine/Plugins/FX/Niagara/Content/Functions/LinearColor/HueShiftLinearColor.uexp" 78
"../../../Engine/Plugins/FX/Niagara/Content/Functions/V2/CalculateRandomRangeInteger.uasset" 79
"../../../Engine/Plugins/FX/Niagara/Content/Functions/V2/CalculateRandomRangeInteger.uexp" 80
"../../../Engine/Plugins/FX/Niagara/Content/Functions/V2/CalculateRandomBool.uasset" 81
"../../../Engine/Plugins/FX/Niagara/Content/Functions/V2/CalculateRandomBool.uexp" 82
"../../../Engine/Plugins/FX/Niagara/Content/Functions/Localspace/SimulationPosition.uasset" 83
"../../../Engine/Plugins/FX/Niagara/Content/Functions/Localspace/SimulationPosition.uexp" 84
"../../../Engine/Plugins/FX/Niagara/Content/Functions/V2/CalculateRandomRangeFloat.uasset" 85
"../../../Engine/Plugins/FX/Niagara/Content/Functions/V2/CalculateRandomRangeFloat.uexp" 86
"../../../Engine/Plugins/FX/Niagara/Content/Functions/V2/CalculateRandomRange.uasset" 87
"../../../Engine/Plugins/FX/Niagara/Content/Functions/V2/CalculateRandomRange.uexp" 88
"../../../Engine/Plugins/FX/Niagara/Content/Modules/Spawn/Initialization/V2/InitializeParticle.uasset" 89
"../../../Engine/Plugins/FX/Niagara/Content/Modules/Spawn/Initialization/V2/InitializeParticle.uexp" 90
"../../../Engine/Plugins/FX/Niagara/Content/Modules/Solvers/SolveForcesAndVelocity.uasset" 91
"../../../Engine/Plugins/FX/Niagara/Content/Modules/Solvers/SolveForcesAndVelocity.uexp" 92
"../../../Engine/Plugins/FX/Niagara/Content/Modules/Emitter/SpawnBurst_Instantaneous.uasset" 93
"../../../Engine/Plugins/FX/Niagara/Content/Modules/Emitter/SpawnBurst_Instantaneous.uexp" 94
"../../../Engine/Plugins/FX/Niagara/Content/Functions/Emitter/EmitterChangeState.uasset" 95
"../../../Engine/Plugins/FX/Niagara/Content/Functions/Emitter/EmitterChangeState.uexp" 96
"../../../Engine/Plugins/FX/Niagara/Content/Modules/Emitter/EmitterState.uasset" 97
"../../../Engine/Plugins/FX/Niagara/Content/Modules/Emitter/EmitterState.uexp" 98
"../../../Engine/Plugins/FX/Niagara/Content/DynamicInputs/ValueFromCurve/FloatFromCurve.uasset" 99
"../../../Engine/Plugins/FX/Niagara/Content/DynamicInputs/ValueFromCurve/FloatFromCurve.uexp" 100
"../../../Engine/Plugins/FX/Niagara/Content/Functions/System/SystemChangeState.uasset" 101
"../../../Engine/Plugins/FX/Niagara/Content/Functions/System/SystemChangeState.uexp" 102
"../../../Engine/Plugins/FX/Niagara/Content/Modules/System/SystemState.uasset" 103
"../../../Engine/Plugins/FX/Niagara/Content/Modules/System/SystemState.uexp" 104
"C:/Users/Exodi/Documents/Unreal Projects/YOON/Content/Weapons/Shotgun/ShotEmitter_System.uasset" 105
"C:/Users/Exodi/Documents/Unreal Projects/YOON/Content/Weapons/Shotgun/ShotEmitter_System.uexp" 106
"../../../Engine/Plugins/FX/Niagara/Content/Modules/Collision/SceneDepthTest.uasset" 107
"../../../Engine/Plugins/FX/Niagara/Content/Modules/Collision/SceneDepthTest.uexp" 108
"../../../Engine/Plugins/FX/Niagara/Content/Modules/Collision/NiagaraDistanceFieldCollisions.uasset" 109
"../../../Engine/Plugins/FX/Niagara/Content/Modules/Collision/NiagaraDistanceFieldCollisions.uexp" 110
"../../../Engine/Plugins/FX/Niagara/Content/Functions/ReflectVector.uasset" 111
"../../../Engine/Plugins/FX/Niagara/Content/Functions/ReflectVector.uexp" 112
"../../../Engine/Plugins/FX/Niagara/Content/Functions/ProjectVectorOnPlane.uasset" 113
"../../../Engine/Plugins/FX/Niagara/Content/Functions/ProjectVectorOnPlane.uexp" 114
"../../../Engine/Plugins/FX/Niagara/Content/Functions/Rotation/MultiplyVectorWithQuaternion.uasset" 115
"../../../Engine/Plugins/FX/Niagara/Content/Functions/Rotation/MultiplyVectorWithQuaternion.uexp" 116
"../../../Engine/Plugins/FX/Niagara/Content/Functions/Rotation/FindQuatBetween.uasset" 117
"../../../Engine/Plugins/FX/Niagara/Content/Functions/Rotation/FindQuatBetween.uexp" 118
"../../../Engine/Plugins/FX/Niagara/Content/Functions/GetRandomInfo.uasset" 119
"../../../Engine/Plugins/FX/Niagara/Content/Functions/GetRandomInfo.uexp" 120
"../../../Engine/Plugins/FX/Niagara/Content/Functions/RandomRangeFloat.uasset" 121
"../../../Engine/Plugins/FX/Niagara/Content/Functions/RandomRangeFloat.uexp" 122
"../../../Engine/Plugins/FX/Niagara/Content/Functions/Collision/RandomizeCollisionNormals.uasset" 123
"../../../Engine/Plugins/FX/Niagara/Content/Functions/Collision/RandomizeCollisionNormals.uexp" 124
"../../../Engine/Plugins/FX/Niagara/Content/Functions/Collision/PlaneSphereCollisionDetection.uasset" 125
"../../../Engine/Plugins/FX/Niagara/Content/Functions/Collision/PlaneSphereCollisionDetection.uexp" 126
"../../../Engine/Plugins/FX/Niagara/Content/Functions/Math/CentimeterMeterConversion.uasset" 127
"../../../Engine/Plugins/FX/Niagara/Content/Functions/Math/CentimeterMeterConversion.uexp" 128
"../../../Engine/Plugins/FX/Niagara/Content/Modules/Collision/CollisionQueryAndResponse.uasset" 129
"../../../Engine/Plugins/FX/Niagara/Content/Modules/Collision/CollisionQueryAndResponse.uexp" 130
"../../../Engine/Plugins/FX/Niagara/Content/Functions/Helpers/DoOnce_fn.uasset" 131
"../../../Engine/Plugins/FX/Niagara/Content/Functions/Helpers/DoOnce_fn.uexp" 132
"../../../Engine/Plugins/FX/Niagara/Content/Functions/Rotation/AxisAngleToQuaternion.uasset" 133
"../../../Engine/Plugins/FX/Niagara/Content/Functions/Rotation/AxisAngleToQuaternion.uexp" 134
"../../../Engine/Plugins/FX/Niagara/Content/Functions/CalculateRadiusFromSpriteSize.uasset" 135
"../../../Engine/Plugins/FX/Niagara/Content/Functions/CalculateRadiusFromSpriteSize.uexp" 136
"../../../Engine/Plugins/FX/Niagara/Content/Functions/CalculateMeshRadius.uasset" 137
"../../../Engine/Plugins/FX/Niagara/Content/Functions/CalculateMeshRadius.uexp" 138
"../../../Engine/Plugins/FX/Niagara/Content/Functions/Rotation/MultiplyQuaternion.uasset" 139
"../../../Engine/Plugins/FX/Niagara/Content/Functions/Rotation/MultiplyQuaternion.uexp" 140
"../../../Engine/Plugins/FX/Niagara/Content/Modules/Collision/Collision.uasset" 141
"../../../Engine/Plugins/FX/Niagara/Content/Modules/Collision/Collision.uexp" 142
"../../../Engine/Plugins/FX/Niagara/Content/Modules/Update/Size/ScaleSpriteSizeBySpeed.uasset" 143
"../../../Engine/Plugins/FX/Niagara/Content/Modules/Update/Size/ScaleSpriteSizeBySpeed.uexp" 144
"../../../Engine/Plugins/FX/Niagara/Content/Modules/Update/Forces/GravityForce.uasset" 145
"../../../Engine/Plugins/FX/Niagara/Content/Modules/Update/Forces/GravityForce.uexp" 146
"../../../Engine/Plugins/FX/Niagara/Content/Modules/Update/Forces/Drag.uasset" 147
"../../../Engine/Plugins/FX/Niagara/Content/Modules/Update/Forces/Drag.uexp" 148
"../../../Engine/Plugins/FX/Niagara/Content/Modules/Update/Color/ScaleColor.uasset" 149
"../../../Engine/Plugins/FX/Niagara/Content/Modules/Update/Color/ScaleColor.uexp" 150
"../../../Engine/Plugins/FX/Niagara/Content/Functions/Math/RemapValueRange.uasset" 151
"../../../Engine/Plugins/FX/Niagara/Content/Functions/Math/RemapValueRange.uexp" 152
"../../../Engine/Plugins/FX/Niagara/Content/Functions/PolarToCartesianCoordinates.uasset" 153
"../../../Engine/Plugins/FX/Niagara/Content/Functions/PolarToCartesianCoordinates.uexp" 154
"../../../Engine/Plugins/FX/Niagara/Content/Functions/RandomVectorInCone.uasset" 155
"../../../Engine/Plugins/FX/Niagara/Content/Functions/RandomVectorInCone.uexp" 156
"../../../Engine/Plugins/FX/Niagara/Content/Modules/Spawn/Velocity/AddVelocityInCone.uasset" 157
"../../../Engine/Plugins/FX/Niagara/Content/Modules/Spawn/Velocity/AddVelocityInCone.uexp" 158
"../../../Engine/Plugins/FX/Niagara/Content/DynamicInputs/UniformRange/V2/RandomRangeFloat.uasset" 159
"../../../Engine/Plugins/FX/Niagara/Content/DynamicInputs/UniformRange/V2/RandomRangeFloat.uexp" 160
"../../../Engine/Plugins/FX/Niagara/Content/DefaultAssets/DefaultSpriteMaterial.uasset" 161
"../../../Engine/Plugins/FX/Niagara/Content/DefaultAssets/DefaultSpriteMaterial.uexp" 162
"C:/Users/Exodi/Documents/Unreal Projects/YOON/Content/Particles/ImpactParticle_System.uasset" 163
"C:/Users/Exodi/Documents/Unreal Projects/YOON/Content/Particles/ImpactParticle_System.uexp" 164
"C:/Users/Exodi/Documents/Unreal Projects/YOON/Content/Weapons/Pistol/PistolYon2.uasset" 165
"C:/Users/Exodi/Documents/Unreal Projects/YOON/Content/Weapons/Pistol/PistolYon2.uexp" 166
"C:/Users/Exodi/Documents/Unreal Projects/YOON/Content/camera/DamageShake.uasset" 167
"C:/Users/Exodi/Documents/Unreal Projects/YOON/Content/camera/DamageShake.uexp" 168
"C:/Users/Exodi/Documents/Unreal Projects/YOON/Content/camera/ShotgunShake.uasset" 169
"C:/Users/Exodi/Documents/Unreal Projects/YOON/Content/camera/ShotgunShake.uexp" 170
"C:/Users/Exodi/Documents/Unreal Projects/YOON/Content/FirstPersonBP/Blueprints/FirstPersonGameMode.uasset" 171
"C:/Users/Exodi/Documents/Unreal Projects/YOON/Content/FirstPersonBP/Blueprints/FirstPersonGameMode.uexp" 172
"../../../Engine/Content/Functions/Engine_MaterialFunctions01/Opacity/CameraDepthFade.uasset" 173
"../../../Engine/Content/Functions/Engine_MaterialFunctions01/Opacity/CameraDepthFade.uexp" 174
"../../../Engine/Content/EngineMaterials/T_Default_Material_Grid_N.uasset" 175
"../../../Engine/Content/EngineMaterials/T_Default_Material_Grid_N.uexp" 176
"../../../Engine/Content/EngineMaterials/T_Default_Material_Grid_N.ubulk" 177
"../../../Engine/Content/EngineMaterials/T_Default_Material_Grid_M.uasset" 178
"../../../Engine/Content/EngineMaterials/T_Default_Material_Grid_M.uexp" 179
"../../../Engine/Content/EngineMaterials/T_Default_Material_Grid_M.ubulk" 180
"../../../Engine/Content/EngineMaterials/WorldGridMaterial.uasset" 181
"../../../Engine/Content/EngineMaterials/WorldGridMaterial.uexp" 182
"../../../Engine/Content/ArtTools/RenderToTexture/Meshes/S_1_Unit_Plane.uasset" 183
"../../../Engine/Content/ArtTools/RenderToTexture/Meshes/S_1_Unit_Plane.uexp" 184
"../../../Engine/Content/EngineMaterials/DefaultMaterial.uasset" 185
"../../../Engine/Content/EngineMaterials/DefaultMaterial.uexp" 186
"../../../Engine/Content/BasicShapes/Cone.uasset" 187
"../../../Engine/Content/BasicShapes/Cone.uexp" 188
"../../../Engine/Content/BasicShapes/Sphere.uasset" 189
"../../../Engine/Content/BasicShapes/Sphere.uexp" 190
"../../../Engine/Content/EngineDamageTypes/DmgTypeBP_Environmental.uasset" 191
"../../../Engine/Content/EngineDamageTypes/DmgTypeBP_Environmental.uexp" 192
"../../../Engine/Content/EngineDebugMaterials/DebugEditorMaterial.uasset" 193
"../../../Engine/Content/EngineDebugMaterials/DebugEditorMaterial.uexp" 194
"../../../Engine/Content/EngineDebugMaterials/DebugMeshMaterial.uasset" 195
"../../../Engine/Content/EngineDebugMaterials/DebugMeshMaterial.uexp" 196
"../../../Engine/Content/EngineDebugMaterials/M_SimpleUnlitTranslucent.uasset" 197
"../../../Engine/Content/EngineDebugMaterials/M_SimpleUnlitTranslucent.uexp" 198
"../../../Engine/Content/EngineDebugMaterials/VolumeToRender.uasset" 199
"../../../Engine/Content/EngineDebugMaterials/VolumeToRender.uexp" 200
"../../../Engine/Content/Functions/Engine_MaterialFunctions02/Utility/CameraDirectionVector.uasset" 201
"../../../Engine/Content/Functions/Engine_MaterialFunctions02/Utility/CameraDirectionVector.uexp" 202
"../../../Engine/Content/EngineDebugMaterials/M_VolumeRenderSphereTracePP.uasset" 203
"../../../Engine/Content/EngineDebugMaterials/M_VolumeRenderSphereTracePP.uexp" 204
"../../../Engine/Content/Functions/Engine_MaterialFunctions01/Shading/ConvertFromDiffSpec.uasset" 205
"../../../Engine/Content/Functions/Engine_MaterialFunctions01/Shading/ConvertFromDiffSpec.uexp" 206
"../../../Engine/Content/EngineDebugMaterials/VertexColorMaterial.uasset" 207
"../../../Engine/Content/EngineDebugMaterials/VertexColorMaterial.uexp" 208
"../../../Engine/Content/EngineDebugMaterials/WireframeMaterial.uasset" 209
"../../../Engine/Content/EngineDebugMaterials/WireframeMaterial.uexp" 210
"../../../Engine/Content/EngineFonts/Faces/RobotoRegular.uasset" 211
"../../../Engine/Content/EngineFonts/Faces/RobotoRegular.uexp" 212
"../../../Engine/Content/EngineFonts/Faces/RobotoRegular.ufont" 213
"../../../Engine/Content/EngineFonts/Faces/RobotoLight.uasset" 214
"../../../Engine/Content/EngineFonts/Faces/RobotoLight.uexp" 215
"../../../Engine/Content/EngineFonts/Faces/RobotoLight.ufont" 216
"../../../Engine/Content/EngineFonts/Faces/RobotoItalic.uasset" 217
"../../../Engine/Content/EngineFonts/Faces/RobotoItalic.uexp" 218
"../../../Engine/Content/EngineFonts/Faces/RobotoItalic.ufont" 219
"../../../Engine/Content/EngineFonts/Faces/RobotoBoldItalic.uasset" 220
"../../../Engine/Content/EngineFonts/Faces/RobotoBoldItalic.uexp" 221
"../../../Engine/Content/EngineFonts/Faces/RobotoBoldItalic.ufont" 222
"../../../Engine/Content/EngineFonts/Faces/RobotoBold.uasset" 223
"../../../Engine/Content/EngineFonts/Faces/RobotoBold.uexp" 224
"../../../Engine/Content/EngineFonts/Faces/RobotoBold.ufont" 225
"../../../Engine/Content/EngineFonts/Faces/DroidSansFallback.uasset" 226
"../../../Engine/Content/EngineFonts/Faces/DroidSansFallback.uexp" 227
"../../../Engine/Content/EngineFonts/Faces/DroidSansFallback.ufont" 228
"../../../Engine/Content/EngineFonts/Roboto.uasset" 229
"../../../Engine/Content/EngineFonts/Roboto.uexp" 230
"../../../Engine/Content/EngineMaterials/BaseFlattenNormalMap.uasset" 231
"../../../Engine/Content/EngineMaterials/BaseFlattenNormalMap.uexp" 232
"../../../Engine/Content/EngineMaterials/BaseFlattenGrayscaleMap.uasset" 233
"../../../Engine/Content/EngineMaterials/BaseFlattenGrayscaleMap.uexp" 234
"../../../Engine/Content/EngineMaterials/BaseFlattenEmissiveMap.uasset" 235
"../../../Engine/Content/EngineMaterials/BaseFlattenEmissiveMap.uexp" 236
"../../../Engine/Content/EngineMaterials/BaseFlattenDiffuseMap.uasset" 237
"../../../Engine/Content/EngineMaterials/BaseFlattenDiffuseMap.uexp" 238
"../../../Engine/Content/EngineMaterials/BaseFlattenMaterial.uasset" 239
"../../../Engine/Content/EngineMaterials/BaseFlattenMaterial.uexp" 240
"../../../Engine/Content/EngineMaterials/BlueNoise.uasset" 241
"../../../Engine/Content/EngineMaterials/BlueNoise.uexp" 242
"../../../Engine/Content/EngineMaterials/DefaultBloomKernel.uasset" 243
"../../../Engine/Content/EngineMaterials/DefaultBloomKernel.uexp" 244
"../../../Engine/Content/EngineMaterials/DefaultBokeh.uasset" 245
"../../../Engine/Content/EngineMaterials/DefaultBokeh.uexp" 246
"../../../Engine/Content/EngineMaterials/DefaultDiffuse.uasset" 247
"../../../Engine/Content/EngineMaterials/DefaultDiffuse.uexp" 248
"../../../Engine/Content/EngineMaterials/DefaultDiffuse.ubulk" 249
"../../../Engine/Content/EngineMaterials/DefaultDeferredDecalMaterial.uasset" 250
"../../../Engine/Content/EngineMaterials/DefaultDeferredDecalMaterial.uexp" 251
"../../../Engine/Content/EngineMaterials/DefaultLightFunctionMaterial.uasset" 252
"../../../Engine/Content/EngineMaterials/DefaultLightFunctionMaterial.uexp" 253
"../../../Engine/Content/Functions/Engine_MaterialFunctions02/Utility/BreakOutFloat2Components.uasset" 254
"../../../Engine/Content/Functions/Engine_MaterialFunctions02/Utility/BreakOutFloat2Components.uexp" 255
"../../../Engine/Content/EngineMaterials/DefaultPostProcessMaterial.uasset" 256
"../../../Engine/Content/EngineMaterials/DefaultPostProcessMaterial.uexp" 257
"../../../Engine/Content/EngineFonts/RobotoDistanceField.uasset" 258
"../../../Engine/Content/EngineFonts/RobotoDistanceField.uexp" 259
"../../../Engine/Content/EngineMaterials/DefaultTextMaterialOpaque.uasset" 260
"../../../Engine/Content/EngineMaterials/DefaultTextMaterialOpaque.uexp" 261
"../../../Engine/Content/EngineMaterials/DefaultWhiteGrid.uasset" 262
"../../../Engine/Content/EngineMaterials/DefaultWhiteGrid.uexp" 263
"../../../Engine/Content/EngineMaterials/DefaultWhiteGrid.ubulk" 264
"../../../Engine/Content/EngineMaterials/DefaultWhiteGrid_Low.uasset" 265
"../../../Engine/Content/EngineMaterials/DefaultWhiteGrid_Low.uexp" 266
"../../../Engine/Content/EngineMaterials/EmissiveMeshMaterial.uasset" 267
"../../../Engine/Content/EngineMaterials/EmissiveMeshMaterial.uexp" 268
"../../../Engine/Content/EngineMaterials/GizmoMaterial.uasset" 269
"../../../Engine/Content/EngineMaterials/GizmoMaterial.uexp" 270
"../../../Engine/Content/EngineMaterials/Good64x64TilingNoiseHighFreq.uasset" 271
"../../../Engine/Content/EngineMaterials/Good64x64TilingNoiseHighFreq.uexp" 272
"../../../Engine/Content/EngineMaterials/MiniFont.uasset" 273
"../../../Engine/Content/EngineMaterials/MiniFont.uexp" 274
"../../../Engine/Content/EngineMaterials/InvalidLightmapSettings.uasset" 275
"../../../Engine/Content/EngineMaterials/InvalidLightmapSettings.uexp" 276
"../../../Engine/Content/EngineMaterials/InvalidLightmapSettings.ubulk" 277
"../../../Engine/Content/EngineMaterials/M_InvalidLightmapSettings.uasset" 278
"../../../Engine/Content/EngineMaterials/M_InvalidLightmapSettings.uexp" 279
"../../../Engine/Content/Functions/Engine_MaterialFunctions02/WorldPositionOffset/CameraOffset.uasset" 280
"../../../Engine/Content/Functions/Engine_MaterialFunctions02/WorldPositionOffset/CameraOffset.uexp" 281
"../../../Engine/Content/EngineMaterials/PhAT_JointLimitMaterial.uasset" 282
"../../../Engine/Content/EngineMaterials/PhAT_JointLimitMaterial.uexp" 283
"../../../Engine/Content/EngineMaterials/DefaultCalibrationColor.uasset" 284
"../../../Engine/Content/EngineMaterials/DefaultCalibrationColor.uexp" 285
"../../../Engine/Content/EngineMaterials/PPM_DefaultCalibrationColor.uasset" 286
"../../../Engine/Content/EngineMaterials/PPM_DefaultCalibrationColor.uexp" 287
"../../../Engine/Content/EngineMaterials/DefaultCalibrationGrayscale.uasset" 288
"../../../Engine/Content/EngineMaterials/DefaultCalibrationGrayscale.uexp" 289
"../../../Engine/Content/EngineMaterials/PPM_DefaultCalibrationGrayscale.uasset" 290
"../../../Engine/Content/EngineMaterials/PPM_DefaultCalibrationGrayscale.uexp" 291
"../../../Engine/Content/EngineMaterials/PreintegratedSkinBRDF.uasset" 292
"../../../Engine/Content/EngineMaterials/PreintegratedSkinBRDF.uexp" 293
"../../../Engine/Content/EngineMaterials/RemoveSurfaceMaterial.uasset" 294
"../../../Engine/Content/EngineMaterials/RemoveSurfaceMaterial.uexp" 295
"../../../Engine/Content/EngineMaterials/WeightMapPlaceholderTexture.uasset" 296
"../../../Engine/Content/EngineMaterials/WeightMapPlaceholderTexture.uexp" 297
"../../../Engine/Content/EngineResources/WhiteSquareTexture.uasset" 298
"../../../Engine/Content/EngineResources/WhiteSquareTexture.uexp" 299
"../../../Engine/Content/EngineMaterials/Widget3DPassThrough.uasset" 300
"../../../Engine/Content/EngineMaterials/Widget3DPassThrough.uexp" 301
"../../../Engine/Content/EngineMaterials/Widget3DPassThrough_Masked.uasset" 302
"../../../Engine/Content/EngineMaterials/Widget3DPassThrough_Masked.uexp" 303
"../../../Engine/Content/EngineMaterials/Widget3DPassThrough_Opaque.uasset" 304
"../../../Engine/Content/EngineMaterials/Widget3DPassThrough_Opaque.uexp" 305
"../../../Engine/Content/EngineMaterials/Widget3DPassThrough_Masked_OneSided.uasset" 306
"../../../Engine/Content/EngineMaterials/Widget3DPassThrough_Masked_OneSided.uexp" 307
"../../../Engine/Content/EngineMaterials/Widget3DPassThrough_Opaque_OneSided.uasset" 308
"../../../Engine/Content/EngineMaterials/Widget3DPassThrough_Opaque_OneSided.uexp" 309
"../../../Engine/Content/EngineMaterials/Widget3DPassThrough_Translucent.uasset" 310
"../../../Engine/Content/EngineMaterials/Widget3DPassThrough_Translucent.uexp" 311
"../../../Engine/Content/EngineMaterials/Widget3DPassThrough_Translucent_OneSided.uasset" 312
"../../../Engine/Content/EngineMaterials/Widget3DPassThrough_Translucent_OneSided.uexp" 313
"../../../Engine/Content/EngineMeshes/Cylinder.uasset" 314
"../../../Engine/Content/EngineMeshes/Cylinder.uexp" 315
"../../../Engine/Content/EngineMeshes/Sphere.uasset" 316
"../../../Engine/Content/EngineMeshes/Sphere.uexp" 317
"../../../Engine/Content/EngineResources/DefaultTexture.uasset" 318
"../../../Engine/Content/EngineResources/DefaultTexture.uexp" 319
"../../../Engine/Content/EngineResources/DefaultTexture.ubulk" 320
"../../../Engine/Content/EngineResources/DefaultTextureCube.uasset" 321
"../../../Engine/Content/EngineResources/DefaultTextureCube.uexp" 322
"../../../Engine/Content/EngineResources/DefaultVolumeTexture2D.uasset" 323
"../../../Engine/Content/EngineResources/DefaultVolumeTexture2D.uexp" 324
"../../../Engine/Content/EngineResources/DefaultVolumeTexture.uasset" 325
"../../../Engine/Content/EngineResources/DefaultVolumeTexture.uexp" 326
"../../../Engine/Content/EngineResources/GradientTexture0.uasset" 327
"../../../Engine/Content/EngineResources/GradientTexture0.uexp" 328
"../../../Engine/Content/EngineSky/VolumetricClouds/T_NoiseShape64.uasset" 329
"../../../Engine/Content/EngineSky/VolumetricClouds/T_NoiseShape64.uexp" 330
"../../../Engine/Content/EngineSky/VolumetricClouds/T_NoiseShape64.ubulk" 331
"../../../Engine/Content/EngineSky/VolumetricClouds/T_VolumeNoiseShape64.uasset" 332
"../../../Engine/Content/EngineSky/VolumetricClouds/T_VolumeNoiseShape64.uexp" 333
"../../../Engine/Content/EngineSky/VolumetricClouds/T_NoiseErosion.uasset" 334
"../../../Engine/Content/EngineSky/VolumetricClouds/T_NoiseErosion.uexp" 335
"../../../Engine/Content/EngineSky/VolumetricClouds/T_NoiseErosion.ubulk" 336
"../../../Engine/Content/EngineSky/VolumetricClouds/T_VolumeNoiseErosion32.uasset" 337
"../../../Engine/Content/EngineSky/VolumetricClouds/T_VolumeNoiseErosion32.uexp" 338
"../../../Engine/Content/EngineSky/VolumetricClouds/CloudWeatherTexture.uasset" 339
"../../../Engine/Content/EngineSky/VolumetricClouds/CloudWeatherTexture.uexp" 340
"../../../Engine/Content/EngineSky/VolumetricClouds/CloudGradientTexture.uasset" 341
"../../../Engine/Content/EngineSky/VolumetricClouds/CloudGradientTexture.uexp" 342
"../../../Engine/Content/Functions/Engine_MaterialFunctions02/Utility/MakeFloat2.uasset" 343
"../../../Engine/Content/Functions/Engine_MaterialFunctions02/Utility/MakeFloat2.uexp" 344
"../../../Engine/Content/EngineSky/VolumetricClouds/m_SimpleVolumetricCloud.uasset" 345
"../../../Engine/Content/EngineSky/VolumetricClouds/m_SimpleVolumetricCloud.uexp" 346
"../../../Engine/Content/EngineSky/VolumetricClouds/m_SimpleVolumetricCloud_Inst.uasset" 347
"../../../Engine/Content/EngineSky/VolumetricClouds/m_SimpleVolumetricCloud_Inst.uexp" 348
"../../../Engine/Content/EngineSounds/Master.uasset" 349
"../../../Engine/Content/EngineSounds/Master.uexp" 350
"../../../Engine/Content/Functions/Engine_MaterialFunctions01/Shading/PowerToRoughness.uasset" 351
"../../../Engine/Content/Functions/Engine_MaterialFunctions01/Shading/PowerToRoughness.uexp" 352
"../../../Engine/Content/Maps/Templates/Thumbnails/Default.uasset" 353
"../../../Engine/Content/Maps/Templates/Thumbnails/Default.uexp" 354
"../../../Engine/Content/Maps/Templates/Thumbnails/TimeOfDay.uasset" 355
"../../../Engine/Content/Maps/Templates/Thumbnails/TimeOfDay.uexp" 356
"../../../Engine/Content/Maps/Templates/Thumbnails/VR-Basic.uasset" 357
"../../../Engine/Content/Maps/Templates/Thumbnails/VR-Basic.uexp" 358
"../../../Engine/Content/MobileResources/T_MobileControls_texture.uasset" 359
"../../../Engine/Content/MobileResources/T_MobileControls_texture.uexp" 360
"../../../Engine/Content/MobileResources/T_MobileMenu2.uasset" 361
"../../../Engine/Content/MobileResources/T_MobileMenu2.uexp" 362
"../../../Engine/Content/MobileResources/HUD/AnalogHat.uasset" 363
"../../../Engine/Content/MobileResources/HUD/AnalogHat.uexp" 364
"../../../Engine/Content/MobileResources/HUD/VirtualJoystick_Thumb.uasset" 365
"../../../Engine/Content/MobileResources/HUD/VirtualJoystick_Thumb.uexp" 366
"../../../Engine/Content/MobileResources/HUD/VirtualJoystick_Background.uasset" 367
"../../../Engine/Content/MobileResources/HUD/VirtualJoystick_Background.uexp" 368
"../../../Engine/Content/MobileResources/HUD/DefaultVirtualJoysticks.uasset" 369
"../../../Engine/Content/MobileResources/HUD/DefaultVirtualJoysticks.uexp" 370
"../../../Engine/Content/MobileResources/HUD/LeftVirtualJoystickOnly.uasset" 371
"../../../Engine/Content/MobileResources/HUD/LeftVirtualJoystickOnly.uexp" 372
"../../../Engine/Content/MobileResources/HUD/MobileHUDButton1_off.uasset" 373
"../../../Engine/Content/MobileResources/HUD/MobileHUDButton1_off.uexp" 374
"../../../Engine/Content/MobileResources/HUD/MobileHUDButton1_on.uasset" 375
"../../../Engine/Content/MobileResources/HUD/MobileHUDButton1_on.uexp" 376
"../../../Engine/Content/MobileResources/HUD/MobileHUDButton2_off.uasset" 377
"../../../Engine/Content/MobileResources/HUD/MobileHUDButton2_off.uexp" 378
"../../../Engine/Content/MobileResources/HUD/MobileHUDButton2_on.uasset" 379
"../../../Engine/Content/MobileResources/HUD/MobileHUDButton2_on.uexp" 380
"../../../Engine/Content/MobileResources/HUD/MobileHUDButton3.uasset" 381
"../../../Engine/Content/MobileResources/HUD/MobileHUDButton3.uexp" 382
"../../../Engine/Content/MobileResources/HUD/MobileHUDButtonFire.uasset" 383
"../../../Engine/Content/MobileResources/HUD/MobileHUDButtonFire.uexp" 384
"../../../Engine/Content/MobileResources/HUD/MobileHUDDirectionPad.uasset" 385
"../../../Engine/Content/MobileResources/HUD/MobileHUDDirectionPad.uexp" 386
"../../../Engine/Content/MobileResources/HUD/MobileHUDDirectionPad2.uasset" 387
"../../../Engine/Content/MobileResources/HUD/MobileHUDDirectionPad2.uexp" 388
"../../../Engine/Content/MobileResources/HUD/MobileHUDDirectionPad3.uasset" 389
"../../../Engine/Content/MobileResources/HUD/MobileHUDDirectionPad3.uexp" 390
"../../../Engine/Content/MobileResources/HUD/MobileHUDDirectionStick.uasset" 391
"../../../Engine/Content/MobileResources/HUD/MobileHUDDirectionStick.uexp" 392
"../../../Engine/Content/MobileResources/HUD/T_Castle_ThumbstickInner.uasset" 393
"../../../Engine/Content/MobileResources/HUD/T_Castle_ThumbstickInner.uexp" 394
"../../../Engine/Content/MobileResources/HUD/T_Castle_ThumbstickOutter.uasset" 395
"../../../Engine/Content/MobileResources/HUD/T_Castle_ThumbstickOutter.uexp" 396
"../../../Engine/Content/Tutorial/ContentIntroCurve.uasset" 397
"../../../Engine/Content/Tutorial/ContentIntroCurve.uexp" 398
"../../../Engine/Plugins/2D/Paper2D/Content/PlaceholderTextures/DummySpriteTexture.uasset" 399
"../../../Engine/Plugins/2D/Paper2D/Content/PlaceholderTextures/DummySpriteTexture.uexp" 400
"../../../Engine/Plugins/2D/Paper2D/Content/PlaceholderTextures/DummySpriteTexture.ubulk" 401
"../../../Engine/Plugins/2D/Paper2D/Content/DummySprite.uasset" 402
"../../../Engine/Plugins/2D/Paper2D/Content/DummySprite.uexp" 403
"../../../Engine/Plugins/2D/Paper2D/Content/DefaultPaperTerrainMaterial.uasset" 404
"../../../Engine/Plugins/2D/Paper2D/Content/DefaultPaperTerrainMaterial.uexp" 405
"../../../Engine/Plugins/2D/Paper2D/Content/DefaultSpriteMaterial.uasset" 406
"../../../Engine/Plugins/2D/Paper2D/Content/DefaultSpriteMaterial.uexp" 407
"../../../Engine/Plugins/2D/Paper2D/Content/MaskedUnlitSpriteMaterial.uasset" 408
"../../../Engine/Plugins/2D/Paper2D/Content/MaskedUnlitSpriteMaterial.uexp" 409
"../../../Engine/Plugins/2D/Paper2D/Content/OpaqueUnlitSpriteMaterial.uasset" 410
"../../../Engine/Plugins/2D/Paper2D/Content/OpaqueUnlitSpriteMaterial.uexp" 411
"../../../Engine/Content/Functions/Engine_MaterialFunctions02/Utility/VectorLength.uasset" 412
"../../../Engine/Content/Functions/Engine_MaterialFunctions02/Utility/VectorLength.uexp" 413
"../../../Engine/Content/Functions/Engine_MaterialFunctions02/ObjectLocalBounds.uasset" 414
"../../../Engine/Content/Functions/Engine_MaterialFunctions02/ObjectLocalBounds.uexp" 415
"../../../Engine/Content/Functions/Engine_MaterialFunctions02/WorldPositionOffset/ObjectScale.uasset" 416
"../../../Engine/Content/Functions/Engine_MaterialFunctions02/WorldPositionOffset/ObjectScale.uexp" 417
"../../../Engine/Content/Functions/Engine_MaterialFunctions02/Utility/BreakOutFloat3Components.uasset" 418
"../../../Engine/Content/Functions/Engine_MaterialFunctions02/Utility/BreakOutFloat3Components.uexp" 419
"../../../Engine/Plugins/Editor/SpeedTreeImporter/Content/SpeedTree9/UnpackInteger3.uasset" 420
"../../../Engine/Plugins/Editor/SpeedTreeImporter/Content/SpeedTree9/UnpackInteger3.uexp" 421
"../../../Engine/Plugins/Editor/SpeedTreeImporter/Content/SpeedTree9/UnpackDirection.uasset" 422
"../../../Engine/Plugins/Editor/SpeedTreeImporter/Content/SpeedTree9/UnpackDirection.uexp" 423
"../../../Engine/Plugins/Editor/SpeedTreeImporter/Content/SpeedTree9/game_wind_noise.uasset" 424
"../../../Engine/Plugins/Editor/SpeedTreeImporter/Content/SpeedTree9/game_wind_noise.uexp" 425
"../../../Engine/Plugins/Editor/SpeedTreeImporter/Content/SpeedTree9/game_wind_noise.ubulk" 426
"../../../Engine/Content/Functions/Engine_MaterialFunctions02/SafeNormalize.uasset" 427
"../../../Engine/Content/Functions/Engine_MaterialFunctions02/SafeNormalize.uexp" 428
"../../../Engine/Plugins/Editor/SpeedTreeImporter/Content/SpeedTree9/SpeedTreeWindMotion.uasset" 429
"../../../Engine/Plugins/Editor/SpeedTreeImporter/Content/SpeedTree9/SpeedTreeWindMotion.uexp" 430
"../../../Engine/Plugins/Editor/SpeedTreeImporter/Content/SpeedTree9/SpeedTreeBranchMotion.uasset" 431
"../../../Engine/Plugins/Editor/SpeedTreeImporter/Content/SpeedTree9/SpeedTreeBranchMotion.uexp" 432
"../../../Engine/Content/Functions/Engine_MaterialFunctions02/UVs/BoundingBoxBased_0-1_UVW.uasset" 433
"../../../Engine/Content/Functions/Engine_MaterialFunctions02/UVs/BoundingBoxBased_0-1_UVW.uexp" 434
"../../../Engine/Plugins/Editor/SpeedTreeImporter/Content/SpeedTree9/SpeedTreeWind.uasset" 435
"../../../Engine/Plugins/Editor/SpeedTreeImporter/Content/SpeedTree9/SpeedTreeWind.uexp" 436
"../../../Engine/Plugins/Editor/SpeedTreeImporter/Content/SpeedTree9/SpeedTreeBillboard.uasset" 437
"../../../Engine/Plugins/Editor/SpeedTreeImporter/Content/SpeedTree9/SpeedTreeBillboard.uexp" 438
"../../../Engine/Plugins/Editor/SpeedTreeImporter/Content/SpeedTree9/EmptyNormal.uasset" 439
"../../../Engine/Plugins/Editor/SpeedTreeImporter/Content/SpeedTree9/EmptyNormal.uexp" 440
"../../../Engine/Plugins/Editor/SpeedTreeImporter/Content/SpeedTree9/Empty.uasset" 441
"../../../Engine/Plugins/Editor/SpeedTreeImporter/Content/SpeedTree9/Empty.uexp" 442
"../../../Engine/Plugins/Editor/SpeedTreeImporter/Content/SpeedTree9/SpeedTreeBillboardMaster.uasset" 443
"../../../Engine/Plugins/Editor/SpeedTreeImporter/Content/SpeedTree9/SpeedTreeBillboardMaster.uexp" 444
"../../../Engine/Plugins/Editor/SpeedTreeImporter/Content/SpeedTree9/SpeedTreeCameraFacing.uasset" 445
"../../../Engine/Plugins/Editor/SpeedTreeImporter/Content/SpeedTree9/SpeedTreeCameraFacing.uexp" 446
"../../../Engine/Plugins/Editor/SpeedTreeImporter/Content/SpeedTree9/SpeedTreeMaster.uasset" 447
"../../../Engine/Plugins/Editor/SpeedTreeImporter/Content/SpeedTree9/SpeedTreeMaster.uexp" 448
"../../../Engine/Content/BasicShapes/Cylinder.uasset" 449
"../../../Engine/Content/BasicShapes/Cylinder.uexp" 450
"../../../Engine/Content/ArtTools/RenderToTexture/Materials/Debug/M_Emissive_Color.uasset" 451
"../../../Engine/Content/ArtTools/RenderToTexture/Materials/Debug/M_Emissive_Color.uexp" 452
"../../../Engine/Plugins/Runtime/OpenXR/Content/Devices/GoogleDaydream/MRTexture.uasset" 453
"../../../Engine/Plugins/Runtime/OpenXR/Content/Devices/GoogleDaydream/MRTexture.uexp" 454
"../../../Engine/Plugins/Runtime/OpenXR/Content/Devices/GoogleDaydream/MRTexture.ubulk" 455
"../../../Engine/Plugins/Runtime/OpenXR/Content/Devices/GoogleDaydream/BaseTexture.uasset" 456
"../../../Engine/Plugins/Runtime/OpenXR/Content/Devices/GoogleDaydream/BaseTexture.uexp" 457
"../../../Engine/Plugins/Runtime/OpenXR/Content/Devices/GoogleDaydream/BaseTexture.ubulk" 458
"../../../Engine/Content/EngineResources/Black.uasset" 459
"../../../Engine/Content/EngineResources/Black.uexp" 460
"../../../Engine/Plugins/Runtime/OpenXR/Content/Devices/M_XRController.uasset" 461
"../../../Engine/Plugins/Runtime/OpenXR/Content/Devices/M_XRController.uexp" 462
"../../../Engine/Plugins/Runtime/OpenXR/Content/Devices/GoogleDaydream/MI_GoogleDaydream.uasset" 463
"../../../Engine/Plugins/Runtime/OpenXR/Content/Devices/GoogleDaydream/MI_GoogleDaydream.uexp" 464
"../../../Engine/Plugins/Runtime/OpenXR/Content/Devices/GoogleDaydream/GoogleDaydreamController.uasset" 465
"../../../Engine/Plugins/Runtime/OpenXR/Content/Devices/GoogleDaydream/GoogleDaydreamController.uexp" 466
"../../../Engine/Plugins/Runtime/OpenXR/Content/Devices/HTCVive/BaseTexture.uasset" 467
"../../../Engine/Plugins/Runtime/OpenXR/Content/Devices/HTCVive/BaseTexture.uexp" 468
"../../../Engine/Plugins/Runtime/OpenXR/Content/Devices/HTCVive/BaseTexture.ubulk" 469
"../../../Engine/Plugins/Runtime/OpenXR/Content/Devices/HTCVive/MI_HTCVive.uasset" 470
"../../../Engine/Plugins/Runtime/OpenXR/Content/Devices/HTCVive/MI_HTCVive.uexp" 471
"../../../Engine/Plugins/Runtime/OpenXR/Content/Devices/HTCVive/HTCViveController.uasset" 472
"../../../Engine/Plugins/Runtime/OpenXR/Content/Devices/HTCVive/HTCViveController.uexp" 473
"../../../Engine/Plugins/Runtime/OpenXR/Content/Devices/MicrosoftMixedReality/NormalTexture.uasset" 474
"../../../Engine/Plugins/Runtime/OpenXR/Content/Devices/MicrosoftMixedReality/NormalTexture.uexp" 475
"../../../Engine/Plugins/Runtime/OpenXR/Content/Devices/MicrosoftMixedReality/NormalTexture.ubulk" 476
"../../../Engine/Plugins/Runtime/OpenXR/Content/Devices/MicrosoftMixedReality/MRTexture.uasset" 477
"../../../Engine/Plugins/Runtime/OpenXR/Content/Devices/MicrosoftMixedReality/MRTexture.uexp" 478
"../../../Engine/Plugins/Runtime/OpenXR/Content/Devices/MicrosoftMixedReality/MRTexture.ubulk" 479
"../../../Engine/Plugins/Runtime/OpenXR/Content/Devices/MicrosoftMixedReality/EmissiveTexture.uasset" 480
"../../../Engine/Plugins/Runtime/OpenXR/Content/Devices/MicrosoftMixedReality/EmissiveTexture.uexp" 481
"../../../Engine/Plugins/Runtime/OpenXR/Content/Devices/MicrosoftMixedReality/EmissiveTexture.ubulk" 482
"../../../Engine/Plugins/Runtime/OpenXR/Content/Devices/MicrosoftMixedReality/BaseTexture.uasset" 483
"../../../Engine/Plugins/Runtime/OpenXR/Content/Devices/MicrosoftMixedReality/BaseTexture.uexp" 484
"../../../Engine/Plugins/Runtime/OpenXR/Content/Devices/MicrosoftMixedReality/BaseTexture.ubulk" 485
"../../../Engine/Plugins/Runtime/OpenXR/Content/Devices/MicrosoftMixedReality/MI_MicrosoftMixedReality.uasset" 486
"../../../Engine/Plugins/Runtime/OpenXR/Content/Devices/MicrosoftMixedReality/MI_MicrosoftMixedReality.uexp" 487
"../../../Engine/Plugins/Runtime/OpenXR/Content/Devices/MicrosoftMixedReality/Left/left_MicrosoftMixedRealityController.uasset" 488
"../../../Engine/Plugins/Runtime/OpenXR/Content/Devices/MicrosoftMixedReality/Left/left_MicrosoftMixedRealityController.uexp" 489
"../../../Engine/Plugins/Runtime/OpenXR/Content/Devices/MicrosoftMixedReality/Right/right_MicrosoftMixedRealityController.uasset" 490
"../../../Engine/Plugins/Runtime/OpenXR/Content/Devices/MicrosoftMixedReality/Right/right_MicrosoftMixedRealityController.uexp" 491
"../../../Engine/Plugins/Runtime/OpenXR/Content/Devices/OculusGo/BaseTexture.uasset" 492
"../../../Engine/Plugins/Runtime/OpenXR/Content/Devices/OculusGo/BaseTexture.uexp" 493
"../../../Engine/Plugins/Runtime/OpenXR/Content/Devices/OculusGo/BaseTexture.ubulk" 494
"../../../Engine/Plugins/Runtime/OpenXR/Content/Devices/OculusGo/MI_OculusGo.uasset" 495
"../../../Engine/Plugins/Runtime/OpenXR/Content/Devices/OculusGo/MI_OculusGo.uexp" 496
"../../../Engine/Plugins/Runtime/OpenXR/Content/Devices/OculusGo/OculusGoController.uasset" 497
"../../../Engine/Plugins/Runtime/OpenXR/Content/Devices/OculusGo/OculusGoController.uexp" 498
"../../../Engine/Plugins/Runtime/OpenXR/Content/Devices/OculusTouch/MRTexture.uasset" 499
"../../../Engine/Plugins/Runtime/OpenXR/Content/Devices/OculusTouch/MRTexture.uexp" 500
"../../../Engine/Plugins/Runtime/OpenXR/Content/Devices/OculusTouch/MRTexture.ubulk" 501
"../../../Engine/Plugins/Runtime/OpenXR/Content/Devices/OculusTouch/BaseTexture.uasset" 502
"../../../Engine/Plugins/Runtime/OpenXR/Content/Devices/OculusTouch/BaseTexture.uexp" 503
"../../../Engine/Plugins/Runtime/OpenXR/Content/Devices/OculusTouch/BaseTexture.ubulk" 504
"../../../Engine/Plugins/Runtime/OpenXR/Content/Devices/OculusTouch/MI_OculusTouch.uasset" 505
"../../../Engine/Plugins/Runtime/OpenXR/Content/Devices/OculusTouch/MI_OculusTouch.uexp" 506
"../../../Engine/Plugins/Runtime/OpenXR/Content/Devices/OculusTouch/Left/left_OculusTouchController.uasset" 507
"../../../Engine/Plugins/Runtime/OpenXR/Content/Devices/OculusTouch/Left/left_OculusTouchController.uexp" 508
"../../../Engine/Plugins/Runtime/OpenXR/Content/Devices/OculusTouch/Right/right_OculusTouchController.uasset" 509
"../../../Engine/Plugins/Runtime/OpenXR/Content/Devices/OculusTouch/Right/right_OculusTouchController.uexp" 510
"../../../Engine/Plugins/Runtime/OpenXR/Content/Devices/OculusTouch_v2/MRTexture.uasset" 511
"../../../Engine/Plugins/Runtime/OpenXR/Content/Devices/OculusTouch_v2/MRTexture.uexp" 512
"../../../Engine/Plugins/Runtime/OpenXR/Content/Devices/OculusTouch_v2/MRTexture.ubulk" 513
"../../../Engine/Plugins/Runtime/OpenXR/Content/Devices/OculusTouch_v2/BaseTexture.uasset" 514
"../../../Engine/Plugins/Runtime/OpenXR/Content/Devices/OculusTouch_v2/BaseTexture.uexp" 515
"../../../Engine/Plugins/Runtime/OpenXR/Content/Devices/OculusTouch_v2/BaseTexture.ubulk" 516
"../../../Engine/Plugins/Runtime/OpenXR/Content/Devices/OculusTouch_v2/MI_OculusTouch_v2.uasset" 517
"../../../Engine/Plugins/Runtime/OpenXR/Content/Devices/OculusTouch_v2/MI_OculusTouch_v2.uexp" 518
"../../../Engine/Plugins/Runtime/OpenXR/Content/Devices/OculusTouch_v2/Left/left_OculusTouch_v2Controller.uasset" 519
"../../../Engine/Plugins/Runtime/OpenXR/Content/Devices/OculusTouch_v2/Left/left_OculusTouch_v2Controller.uexp" 520
"../../../Engine/Plugins/Runtime/OpenXR/Content/Devices/OculusTouch_v2/Right/right_OculusTouch_v2Controller.uasset" 521
"../../../Engine/Plugins/Runtime/OpenXR/Content/Devices/OculusTouch_v2/Right/right_OculusTouch_v2Controller.uexp" 522
"../../../Engine/Plugins/Runtime/OpenXR/Content/Devices/OculusTouch_v3/MRTexture.uasset" 523
"../../../Engine/Plugins/Runtime/OpenXR/Content/Devices/OculusTouch_v3/MRTexture.uexp" 524
"../../../Engine/Plugins/Runtime/OpenXR/Content/Devices/OculusTouch_v3/MRTexture.ubulk" 525
"../../../Engine/Plugins/Runtime/OpenXR/Content/Devices/OculusTouch_v3/BaseTexture.uasset" 526
"../../../Engine/Plugins/Runtime/OpenXR/Content/Devices/OculusTouch_v3/BaseTexture.uexp" 527
"../../../Engine/Plugins/Runtime/OpenXR/Content/Devices/OculusTouch_v3/BaseTexture.ubulk" 528
"../../../Engine/Plugins/Runtime/OpenXR/Content/Devices/OculusTouch_v3/MI_OculusTouch_v3.uasset" 529
"../../../Engine/Plugins/Runtime/OpenXR/Content/Devices/OculusTouch_v3/MI_OculusTouch_v3.uexp" 530
"../../../Engine/Plugins/Runtime/OpenXR/Content/Devices/OculusTouch_v3/Left/left_OculusTouch_v3Controller.uasset" 531
"../../../Engine/Plugins/Runtime/OpenXR/Content/Devices/OculusTouch_v3/Left/left_OculusTouch_v3Controller.uexp" 532
"../../../Engine/Plugins/Runtime/OpenXR/Content/Devices/OculusTouch_v3/Right/right_OculusTouch_v3Controller.uasset" 533
"../../../Engine/Plugins/Runtime/OpenXR/Content/Devices/OculusTouch_v3/Right/right_OculusTouch_v3Controller.uexp" 534
"../../../Engine/Plugins/Runtime/OpenXR/Content/Devices/ValveIndex/MRTexture.uasset" 535
"../../../Engine/Plugins/Runtime/OpenXR/Content/Devices/ValveIndex/MRTexture.uexp" 536
"../../../Engine/Plugins/Runtime/OpenXR/Content/Devices/ValveIndex/MRTexture.ubulk" 537
"../../../Engine/Plugins/Runtime/OpenXR/Content/Devices/ValveIndex/BaseTexture.uasset" 538
"../../../Engine/Plugins/Runtime/OpenXR/Content/Devices/ValveIndex/BaseTexture.uexp" 539
"../../../Engine/Plugins/Runtime/OpenXR/Content/Devices/ValveIndex/BaseTexture.ubulk" 540
"../../../Engine/Plugins/Runtime/OpenXR/Content/Devices/ValveIndex/Left/MI_left_ValveIndex.uasset" 541
"../../../Engine/Plugins/Runtime/OpenXR/Content/Devices/ValveIndex/Left/MI_left_ValveIndex.uexp" 542
"../../../Engine/Plugins/Runtime/OpenXR/Content/Devices/ValveIndex/Left/left_ValveIndexController.uasset" 543
"../../../Engine/Plugins/Runtime/OpenXR/Content/Devices/ValveIndex/Left/left_ValveIndexController.uexp" 544
"../../../Engine/Plugins/Runtime/OpenXR/Content/Devices/ValveIndex/Right/MI_right_ValveIndex.uasset" 545
"../../../Engine/Plugins/Runtime/OpenXR/Content/Devices/ValveIndex/Right/MI_right_ValveIndex.uexp" 546
"../../../Engine/Plugins/Runtime/OpenXR/Content/Devices/ValveIndex/Right/right_ValveIndexController.uasset" 547
"../../../Engine/Plugins/Runtime/OpenXR/Content/Devices/ValveIndex/Right/right_ValveIndexController.uexp" 548
"../../../Engine/Content/Functions/Engine_MaterialFunctions02/Utility/BreakOutFloat4Components.uasset" 549
"../../../Engine/Content/Functions/Engine_MaterialFunctions02/Utility/BreakOutFloat4Components.uexp" 550
"../../../Engine/Content/Functions/Engine_MaterialFunctions02/Utility/MakeFloat3.uasset" 551
"../../../Engine/Content/Functions/Engine_MaterialFunctions02/Utility/MakeFloat3.uexp" 552
"../../../Engine/Plugins/Runtime/Oculus/OculusVR/Content/Materials/OculusMR_ChromaKey.uasset" 553
"../../../Engine/Plugins/Runtime/Oculus/OculusVR/Content/Materials/OculusMR_ChromaKey.uexp" 554
"../../../Engine/Plugins/Runtime/Oculus/OculusVR/Content/Materials/OculusMR_OpaqueColoredMaterial.uasset" 555
"../../../Engine/Plugins/Runtime/Oculus/OculusVR/Content/Materials/OculusMR_OpaqueColoredMaterial.uexp" 556
"../../../Engine/Plugins/Runtime/Oculus/OculusVR/Content/Materials/PokeAHoleMaterial.uasset" 557
"../../../Engine/Plugins/Runtime/Oculus/OculusVR/Content/Materials/PokeAHoleMaterial.uexp" 558
"../../../Engine/Plugins/Runtime/Oculus/OculusVR/Content/Textures/touchController_controlmap.uasset" 559
"../../../Engine/Plugins/Runtime/Oculus/OculusVR/Content/Textures/touchController_controlmap.uexp" 560
"../../../Engine/Plugins/Runtime/Oculus/OculusVR/Content/Textures/touchController_controlmap.ubulk" 561
"../../../Engine/Plugins/Runtime/Oculus/OculusVR/Content/Textures/touchController_albedo.uasset" 562
"../../../Engine/Plugins/Runtime/Oculus/OculusVR/Content/Textures/touchController_albedo.uexp" 563
"../../../Engine/Plugins/Runtime/Oculus/OculusVR/Content/Textures/touchController_albedo.ubulk" 564
"../../../Engine/Plugins/Runtime/Oculus/OculusVR/Content/Materials/touchController_mat.uasset" 565
"../../../Engine/Plugins/Runtime/Oculus/OculusVR/Content/Materials/touchController_mat.uexp" 566
"../../../Engine/Plugins/Runtime/Oculus/OculusVR/Content/Meshes/LeftTouchController.uasset" 567
"../../../Engine/Plugins/Runtime/Oculus/OculusVR/Content/Meshes/LeftTouchController.uexp" 568
"../../../Engine/Plugins/Runtime/Oculus/OculusVR/Content/Textures/TouchForQuestRiftSController_albedo.uasset" 569
"../../../Engine/Plugins/Runtime/Oculus/OculusVR/Content/Textures/TouchForQuestRiftSController_albedo.uexp" 570
"../../../Engine/Plugins/Runtime/Oculus/OculusVR/Content/Textures/TouchForQuestRiftSController_albedo.ubulk" 571
"../../../Engine/Plugins/Runtime/Oculus/OculusVR/Content/Materials/TouchForQuestRiftSControllerMaterial.uasset" 572
"../../../Engine/Plugins/Runtime/Oculus/OculusVR/Content/Materials/TouchForQuestRiftSControllerMaterial.uexp" 573
"../../../Engine/Plugins/Runtime/Oculus/OculusVR/Content/Meshes/LeftTouchForQuestRiftSController.uasset" 574
"../../../Engine/Plugins/Runtime/Oculus/OculusVR/Content/Meshes/LeftTouchForQuestRiftSController.uexp" 575
"../../../Engine/Plugins/Runtime/Oculus/OculusVR/Content/Meshes/RiftHMD.uasset" 576
"../../../Engine/Plugins/Runtime/Oculus/OculusVR/Content/Meshes/RiftHMD.uexp" 577
"../../../Engine/Plugins/Runtime/Oculus/OculusVR/Content/Meshes/RightTouchController.uasset" 578
"../../../Engine/Plugins/Runtime/Oculus/OculusVR/Content/Meshes/RightTouchController.uexp" 579
"../../../Engine/Plugins/Runtime/Oculus/OculusVR/Content/Meshes/RightTouchForQuestRiftSController.uasset" 580
"../../../Engine/Plugins/Runtime/Oculus/OculusVR/Content/Meshes/RightTouchForQuestRiftSController.uexp" 581
"C:/Users/Exodi/Documents/Unreal Projects/YOON/Content/EnemyBlueprints/Querencia/Animations/Rifle_Idle_PhysicsAsset.uasset" 582
"C:/Users/Exodi/Documents/Unreal Projects/YOON/Content/EnemyBlueprints/Querencia/Animations/Rifle_Idle_PhysicsAsset.uexp" 583
"C:/Users/Exodi/Documents/Unreal Projects/YOON/Content/EnemyBlueprints/Querencia/Animations/Rifle_Idle_Skeleton.uasset" 584
"C:/Users/Exodi/Documents/Unreal Projects/YOON/Content/EnemyBlueprints/Querencia/Animations/Rifle_Idle_Skeleton.uexp" 585
"C:/Users/Exodi/Documents/Unreal Projects/YOON/Content/EnemyBlueprints/Querencia/Animations/elsenordelaquerencia.uasset" 586
"C:/Users/Exodi/Documents/Unreal Projects/YOON/Content/EnemyBlueprints/Querencia/Animations/elsenordelaquerencia.uexp" 587
"C:/Users/Exodi/Documents/Unreal Projects/YOON/Content/EnemyBlueprints/Querencia/Animations/elsenordelaquerencia.ubulk" 588
"C:/Users/Exodi/Documents/Unreal Projects/YOON/Content/EnemyBlueprints/Querencia/Animations/palettemat.uasset" 589
"C:/Users/Exodi/Documents/Unreal Projects/YOON/Content/EnemyBlueprints/Querencia/Animations/palettemat.uexp" 590
"C:/Users/Exodi/Documents/Unreal Projects/YOON/Content/EnemyBlueprints/Querencia/Animations/Rifle_Idle.uasset" 591
"C:/Users/Exodi/Documents/Unreal Projects/YOON/Content/EnemyBlueprints/Querencia/Animations/Rifle_Idle.uexp" 592
"C:/Users/Exodi/Documents/Unreal Projects/YOON/Content/EnemyBlueprints/Querencia/Animations/bullet1.uasset" 593
"C:/Users/Exodi/Documents/Unreal Projects/YOON/Content/EnemyBlueprints/Querencia/Animations/bullet1.uexp" 594
"C:/Users/Exodi/Documents/Unreal Projects/YOON/Content/EnemyBlueprints/Querencia/Animations/bullet1.ubulk" 595
"C:/Users/Exodi/Documents/Unreal Projects/YOON/Content/EnemyBlueprints/Querencia/Animations/palette.uasset" 596
"C:/Users/Exodi/Documents/Unreal Projects/YOON/Content/EnemyBlueprints/Querencia/Animations/palette.uexp" 597
"C:/Users/Exodi/Documents/Unreal Projects/YOON/Content/EnemyBlueprints/Querencia/Animations/bullet.uasset" 598
"C:/Users/Exodi/Documents/Unreal Projects/YOON/Content/EnemyBlueprints/Querencia/Animations/bullet.uexp" 599
"C:/Users/Exodi/Documents/Unreal Projects/YOON/Content/Blueprints/Splatters_T.uasset" 600
"C:/Users/Exodi/Documents/Unreal Projects/YOON/Content/Blueprints/Splatters_T.uexp" 601
"C:/Users/Exodi/Documents/Unreal Projects/YOON/Content/Blueprints/Splatters_T.ubulk" 602
"../../../Engine/Content/Functions/Engine_MaterialFunctions03/Texturing/SubUV_Function.uasset" 603
"../../../Engine/Content/Functions/Engine_MaterialFunctions03/Texturing/SubUV_Function.uexp" 604
"C:/Users/Exodi/Documents/Unreal Projects/YOON/Content/Blueprints/Decal.uasset" 605
"C:/Users/Exodi/Documents/Unreal Projects/YOON/Content/Blueprints/Decal.uexp" 606
"C:/Users/Exodi/Documents/Unreal Projects/YOON/Content/Blueprints/Splatte.uasset" 607
"C:/Users/Exodi/Documents/Unreal Projects/YOON/Content/Blueprints/Splatte.uexp" 608
"C:/Users/Exodi/Documents/Unreal Projects/YOON/Content/song/yt1s_com_-_Doom_1_2_Monster_Sound_effects.uasset" 609
"C:/Users/Exodi/Documents/Unreal Projects/YOON/Content/song/yt1s_com_-_Doom_1_2_Monster_Sound_effects.uexp" 610
"C:/Users/Exodi/Documents/Unreal Projects/YOON/Content/Sounds/Enemy/ZombieEffect2.uasset" 611
"C:/Users/Exodi/Documents/Unreal Projects/YOON/Content/Sounds/Enemy/ZombieEffect2.uexp" 612
"C:/Users/Exodi/Documents/Unreal Projects/YOON/Content/Sounds/Enemy/ZombieEffect1.uasset" 613
"C:/Users/Exodi/Documents/Unreal Projects/YOON/Content/Sounds/Enemy/ZombieEffect1.uexp" 614
"C:/Users/Exodi/Documents/Unreal Projects/YOON/Content/Sounds/Enemy/ZombieCue.uasset" 615
"C:/Users/Exodi/Documents/Unreal Projects/YOON/Content/Sounds/Enemy/ZombieCue.uexp" 616
"../../../Engine/Content/Animation/DefaultAnimBoneCompressionSettings.uasset" 617
"../../../Engine/Content/Animation/DefaultAnimBoneCompressionSettings.uexp" 618
"../../../Engine/Content/Animation/DefaultAnimCurveCompressionSettings.uasset" 619
"../../../Engine/Content/Animation/DefaultAnimCurveCompressionSettings.uexp" 620
"C:/Users/Exodi/Documents/Unreal Projects/YOON/Content/EnemyBlueprints/Querencia/Animations/Run_Forward_Anim.uasset" 621
"C:/Users/Exodi/Documents/Unreal Projects/YOON/Content/EnemyBlueprints/Querencia/Animations/Run_Forward_Anim.uexp" 622
"C:/Users/Exodi/Documents/Unreal Projects/YOON/Content/EnemyBlueprints/Querencia/Animations/Rifle_Idle_Anim.uasset" 623
"C:/Users/Exodi/Documents/Unreal Projects/YOON/Content/EnemyBlueprints/Querencia/Animations/Rifle_Idle_Anim.uexp" 624
"C:/Users/Exodi/Documents/Unreal Projects/YOON/Content/EnemyBlueprints/Querencia/Animations/Blueprint/BlendQuerencia.uasset" 625
"C:/Users/Exodi/Documents/Unreal Projects/YOON/Content/EnemyBlueprints/Querencia/Animations/Blueprint/BlendQuerencia.uexp" 626
"C:/Users/Exodi/Documents/Unreal Projects/YOON/Content/EnemyBlueprints/Querencia/Animations/Gunplay_Anim.uasset" 627
"C:/Users/Exodi/Documents/Unreal Projects/YOON/Content/EnemyBlueprints/Querencia/Animations/Gunplay_Anim.uexp" 628
"C:/Users/Exodi/Documents/Unreal Projects/YOON/Content/EnemyBlueprints/CoolCat/Animations/Idle_Skeleton.uasset" 629
"C:/Users/Exodi/Documents/Unreal Projects/YOON/Content/EnemyBlueprints/CoolCat/Animations/Idle_Skeleton.uexp" 630
"C:/Users/Exodi/Documents/Unreal Projects/YOON/Content/EnemyBlueprints/CoolCat/Animations/Idle_Anim.uasset" 631
"C:/Users/Exodi/Documents/Unreal Projects/YOON/Content/EnemyBlueprints/CoolCat/Animations/Idle_Anim.uexp" 632
"C:/Users/Exodi/Documents/Unreal Projects/YOON/Content/EnemyBlueprints/CoolCat/Animations/Fast_Run_Anim.uasset" 633
"C:/Users/Exodi/Documents/Unreal Projects/YOON/Content/EnemyBlueprints/CoolCat/Animations/Fast_Run_Anim.uexp" 634
"C:/Users/Exodi/Documents/Unreal Projects/YOON/Content/EnemyBlueprints/CoolCat/Animations/CoolCat_anim.uasset" 635
"C:/Users/Exodi/Documents/Unreal Projects/YOON/Content/EnemyBlueprints/CoolCat/Animations/CoolCat_anim.uexp" 636
"C:/Users/Exodi/Documents/Unreal Projects/YOON/Content/EnemyBlueprints/CoolCat/Animations/Zombie_Attack_Anim.uasset" 637
"C:/Users/Exodi/Documents/Unreal Projects/YOON/Content/EnemyBlueprints/CoolCat/Animations/Zombie_Attack_Anim.uexp" 638
"C:/Users/Exodi/Documents/Unreal Projects/YOON/Content/EnemyBlueprints/CoolCat/Animations/Idle_PhysicsAsset.uasset" 639
"C:/Users/Exodi/Documents/Unreal Projects/YOON/Content/EnemyBlueprints/CoolCat/Animations/Idle_PhysicsAsset.uexp" 640
"C:/Users/Exodi/Documents/Unreal Projects/YOON/Content/EnemyBlueprints/CoolCat/Animations/coolcat.uasset" 641
"C:/Users/Exodi/Documents/Unreal Projects/YOON/Content/EnemyBlueprints/CoolCat/Animations/coolcat.uexp" 642
"C:/Users/Exodi/Documents/Unreal Projects/YOON/Content/EnemyBlueprints/CoolCat/Animations/coolcat.ubulk" 643
"C:/Users/Exodi/Documents/Unreal Projects/YOON/Content/EnemyBlueprints/CoolCat/Animations/palettemat.uasset" 644
"C:/Users/Exodi/Documents/Unreal Projects/YOON/Content/EnemyBlueprints/CoolCat/Animations/palettemat.uexp" 645
"C:/Users/Exodi/Documents/Unreal Projects/YOON/Content/EnemyBlueprints/CoolCat/Animations/Idle.uasset" 646
"C:/Users/Exodi/Documents/Unreal Projects/YOON/Content/EnemyBlueprints/CoolCat/Animations/Idle.uexp" 647
"C:/Users/Exodi/Documents/Unreal Projects/YOON/Content/Maps/DeadSong.uasset" 648
"C:/Users/Exodi/Documents/Unreal Projects/YOON/Content/Maps/DeadSong.uexp" 649
"C:/Users/Exodi/Documents/Unreal Projects/YOON/Content/StarterContent/Textures/T_Perlin_Noise_M.uasset" 650
"C:/Users/Exodi/Documents/Unreal Projects/YOON/Content/StarterContent/Textures/T_Perlin_Noise_M.uexp" 651
"C:/Users/Exodi/Documents/Unreal Projects/YOON/Content/StarterContent/Textures/T_Perlin_Noise_M.ubulk" 652
"C:/Users/Exodi/Documents/Unreal Projects/YOON/Content/StarterContent/Textures/T_MacroVariation.uasset" 653
"C:/Users/Exodi/Documents/Unreal Projects/YOON/Content/StarterContent/Textures/T_MacroVariation.uexp" 654
"C:/Users/Exodi/Documents/Unreal Projects/YOON/Content/StarterContent/Textures/T_Ground_Grass_N.uasset" 655
"C:/Users/Exodi/Documents/Unreal Projects/YOON/Content/StarterContent/Textures/T_Ground_Grass_N.uexp" 656
"C:/Users/Exodi/Documents/Unreal Projects/YOON/Content/StarterContent/Textures/T_Ground_Grass_N.ubulk" 657
"C:/Users/Exodi/Documents/Unreal Projects/YOON/Content/StarterContent/Textures/T_Ground_Grass_D.uasset" 658
"C:/Users/Exodi/Documents/Unreal Projects/YOON/Content/StarterContent/Textures/T_Ground_Grass_D.uexp" 659
"C:/Users/Exodi/Documents/Unreal Projects/YOON/Content/StarterContent/Textures/T_Ground_Grass_D.ubulk" 660
"../../../Engine/Content/Functions/Engine_MaterialFunctions01/Gradient/RadialGradient.uasset" 661
"../../../Engine/Content/Functions/Engine_MaterialFunctions01/Gradient/RadialGradient.uexp" 662
"C:/Users/Exodi/Documents/Unreal Projects/YOON/Content/StarterContent/Particles/Materials/M_Radial_Gradient.uasset" 663
"C:/Users/Exodi/Documents/Unreal Projects/YOON/Content/StarterContent/Particles/Materials/M_Radial_Gradient.uexp" 664
"C:/Users/Exodi/Documents/Unreal Projects/YOON/Content/StarterContent/Textures/T_Water_N.uasset" 665
"C:/Users/Exodi/Documents/Unreal Projects/YOON/Content/StarterContent/Textures/T_Water_N.uexp" 666
"C:/Users/Exodi/Documents/Unreal Projects/YOON/Content/StarterContent/Textures/T_Water_N.ubulk" 667
"C:/Users/Exodi/Documents/Unreal Projects/YOON/Content/StarterContent/Particles/Materials/M_Heat_Distortion.uasset" 668
"C:/Users/Exodi/Documents/Unreal Projects/YOON/Content/StarterContent/Particles/Materials/M_Heat_Distortion.uexp" 669
"C:/Users/Exodi/Documents/Unreal Projects/YOON/Content/StarterContent/Textures/T_Fire_Tiled_D.uasset" 670
"C:/Users/Exodi/Documents/Unreal Projects/YOON/Content/StarterContent/Textures/T_Fire_Tiled_D.uexp" 671
"C:/Users/Exodi/Documents/Unreal Projects/YOON/Content/StarterContent/Textures/T_Fire_Tiled_D.ubulk" 672
"C:/Users/Exodi/Documents/Unreal Projects/YOON/Content/StarterContent/Textures/T_Fire_SubUV.uasset" 673
"C:/Users/Exodi/Documents/Unreal Projects/YOON/Content/StarterContent/Textures/T_Fire_SubUV.uexp" 674
"C:/Users/Exodi/Documents/Unreal Projects/YOON/Content/StarterContent/Textures/T_Fire_SubUV.ubulk" 675
"C:/Users/Exodi/Documents/Unreal Projects/YOON/Content/StarterContent/Particles/Materials/M_Fire_SubUV.uasset" 676
"C:/Users/Exodi/Documents/Unreal Projects/YOON/Content/StarterContent/Particles/Materials/M_Fire_SubUV.uexp" 677
"C:/Users/Exodi/Documents/Unreal Projects/YOON/Content/StarterContent/Textures/T_Smoke_Tiled_D.uasset" 678
"C:/Users/Exodi/Documents/Unreal Projects/YOON/Content/StarterContent/Textures/T_Smoke_Tiled_D.uexp" 679
"C:/Users/Exodi/Documents/Unreal Projects/YOON/Content/StarterContent/Textures/T_Smoke_Tiled_D.ubulk" 680
"C:/Users/Exodi/Documents/Unreal Projects/YOON/Content/StarterContent/Textures/T_Smoke_SubUV.uasset" 681
"C:/Users/Exodi/Documents/Unreal Projects/YOON/Content/StarterContent/Textures/T_Smoke_SubUV.uexp" 682
"C:/Users/Exodi/Documents/Unreal Projects/YOON/Content/StarterContent/Textures/T_Smoke_SubUV.ubulk" 683
"C:/Users/Exodi/Documents/Unreal Projects/YOON/Content/StarterContent/Particles/Materials/M_smoke_subUV.uasset" 684
"C:/Users/Exodi/Documents/Unreal Projects/YOON/Content/StarterContent/Particles/Materials/M_smoke_subUV.uexp" 685
"C:/Users/Exodi/Documents/Unreal Projects/YOON/Content/StarterContent/Particles/P_Fire.uasset" 686
"C:/Users/Exodi/Documents/Unreal Projects/YOON/Content/StarterContent/Particles/P_Fire.uexp" 687
"C:/Users/Exodi/Documents/Unreal Projects/YOON/Content/song/Doom_-_Kitchen_Ace_remake_by_Andrew_Hulshult.uasset" 688
"C:/Users/Exodi/Documents/Unreal Projects/YOON/Content/song/Doom_-_Kitchen_Ace_remake_by_Andrew_Hulshult.uexp" 689
"C:/Users/Exodi/Documents/Unreal Projects/YOON/Content/props/escritorio1.uasset" 690
"C:/Users/Exodi/Documents/Unreal Projects/YOON/Content/props/escritorio1.uexp" 691
"C:/Users/Exodi/Documents/Unreal Projects/YOON/Content/props/escritorio1.ubulk" 692
"C:/Users/Exodi/Documents/Unreal Projects/YOON/Content/props/palette.uasset" 693
"C:/Users/Exodi/Documents/Unreal Projects/YOON/Content/props/palette.uexp" 694
"C:/Users/Exodi/Documents/Unreal Projects/YOON/Content/props/untitled.uasset" 695
"C:/Users/Exodi/Documents/Unreal Projects/YOON/Content/props/untitled.uexp" 696
"C:/Users/Exodi/Documents/Unreal Projects/YOON/Content/Hud/Screenshot_2022-01-19_222651.uasset" 697
"C:/Users/Exodi/Documents/Unreal Projects/YOON/Content/Hud/Screenshot_2022-01-19_222651.uexp" 698
"C:/Users/Exodi/Documents/Unreal Projects/YOON/Content/Hud/Screenshot_2022-01-19_222651_Mat.uasset" 699
"C:/Users/Exodi/Documents/Unreal Projects/YOON/Content/Hud/Screenshot_2022-01-19_222651_Mat.uexp" 700
"C:/Users/Exodi/Documents/Unreal Projects/YOON/Content/Hud/Desktop1.uasset" 701
"C:/Users/Exodi/Documents/Unreal Projects/YOON/Content/Hud/Desktop1.uexp" 702
"C:/Users/Exodi/Documents/Unreal Projects/YOON/Content/Hud/Desktop1.ubulk" 703
"C:/Users/Exodi/Documents/Unreal Projects/YOON/Content/Hud/palette.uasset" 704
"C:/Users/Exodi/Documents/Unreal Projects/YOON/Content/Hud/palette.uexp" 705
"../../../Engine/Content/BasicShapes/BasicShapeMaterial.uasset" 706
"../../../Engine/Content/BasicShapes/BasicShapeMaterial.uexp" 707
"C:/Users/Exodi/Documents/Unreal Projects/YOON/Content/props/SM_MERGED_DesktopBP_2.uasset" 708
"C:/Users/Exodi/Documents/Unreal Projects/YOON/Content/props/SM_MERGED_DesktopBP_2.uexp" 709
"C:/Users/Exodi/Documents/Unreal Projects/YOON/Content/props/silla.uasset" 710
"C:/Users/Exodi/Documents/Unreal Projects/YOON/Content/props/silla.uexp" 711
"C:/Users/Exodi/Documents/Unreal Projects/YOON/Content/props/Puerta.uasset" 712
"C:/Users/Exodi/Documents/Unreal Projects/YOON/Content/props/Puerta.uexp" 713
"C:/Users/Exodi/Documents/Unreal Projects/YOON/Content/props/Puerta.ubulk" 714
"C:/Users/Exodi/Documents/Unreal Projects/YOON/Content/StarterContent/Textures/T_RockMesh_N.uasset" 715
"C:/Users/Exodi/Documents/Unreal Projects/YOON/Content/StarterContent/Textures/T_RockMesh_N.uexp" 716
"C:/Users/Exodi/Documents/Unreal Projects/YOON/Content/StarterContent/Textures/T_RockMesh_N.ubulk" 717
"C:/Users/Exodi/Documents/Unreal Projects/YOON/Content/StarterContent/Textures/T_RockMesh_M.uasset" 718
"C:/Users/Exodi/Documents/Unreal Projects/YOON/Content/StarterContent/Textures/T_RockMesh_M.uexp" 719
"C:/Users/Exodi/Documents/Unreal Projects/YOON/Content/StarterContent/Textures/T_RockMesh_M.ubulk" 720
"C:/Users/Exodi/Documents/Unreal Projects/YOON/Content/StarterContent/Textures/T_Detail_Rocky_N.uasset" 721
"C:/Users/Exodi/Documents/Unreal Projects/YOON/Content/StarterContent/Textures/T_Detail_Rocky_N.uexp" 722
"C:/Users/Exodi/Documents/Unreal Projects/YOON/Content/StarterContent/Textures/T_Detail_Rocky_N.ubulk" 723
"C:/Users/Exodi/Documents/Unreal Projects/YOON/Content/StarterContent/Textures/T_Rock_Basalt_D.uasset" 724
"C:/Users/Exodi/Documents/Unreal Projects/YOON/Content/StarterContent/Textures/T_Rock_Basalt_D.uexp" 725
"C:/Users/Exodi/Documents/Unreal Projects/YOON/Content/StarterContent/Textures/T_Rock_Basalt_D.ubulk" 726
"../../../Engine/Content/Functions/Engine_MaterialFunctions02/Utility/BlendAngleCorrectedNormals.uasset" 727
"../../../Engine/Content/Functions/Engine_MaterialFunctions02/Utility/BlendAngleCorrectedNormals.uexp" 728
"C:/Users/Exodi/Documents/Unreal Projects/YOON/Content/StarterContent/Props/Materials/M_Rock.uasset" 729
"C:/Users/Exodi/Documents/Unreal Projects/YOON/Content/StarterContent/Props/Materials/M_Rock.uexp" 730
"C:/Users/Exodi/Documents/Unreal Projects/YOON/Content/StarterContent/Textures/T_Lamp_N.uasset" 731
"C:/Users/Exodi/Documents/Unreal Projects/YOON/Content/StarterContent/Textures/T_Lamp_N.uexp" 732
"C:/Users/Exodi/Documents/Unreal Projects/YOON/Content/StarterContent/Textures/T_Lamp_N.ubulk" 733
"C:/Users/Exodi/Documents/Unreal Projects/YOON/Content/StarterContent/Textures/T_Lamp_M.uasset" 734
"C:/Users/Exodi/Documents/Unreal Projects/YOON/Content/StarterContent/Textures/T_Lamp_M.uexp" 735
"C:/Users/Exodi/Documents/Unreal Projects/YOON/Content/StarterContent/Textures/T_Lamp_M.ubulk" 736
"C:/Users/Exodi/Documents/Unreal Projects/YOON/Content/StarterContent/Props/Materials/M_Lamp.uasset" 737
"C:/Users/Exodi/Documents/Unreal Projects/YOON/Content/StarterContent/Props/Materials/M_Lamp.uexp" 738
"C:/Users/Exodi/Documents/Unreal Projects/YOON/Content/props/Props.uasset" 739
"C:/Users/Exodi/Documents/Unreal Projects/YOON/Content/props/Props.uexp" 740
"C:/Users/Exodi/Documents/Unreal Projects/YOON/Content/props/poroto.uasset" 741
"C:/Users/Exodi/Documents/Unreal Projects/YOON/Content/props/poroto.uexp" 742
"C:/Users/Exodi/Documents/Unreal Projects/YOON/Content/props/poroto.ubulk" 743
"C:/Users/Exodi/Documents/Unreal Projects/YOON/Content/props/Logan_t.uasset" 744
"C:/Users/Exodi/Documents/Unreal Projects/YOON/Content/props/Logan_t.uexp" 745
"C:/Users/Exodi/Documents/Unreal Projects/YOON/Content/props/Logan_t.ubulk" 746
"C:/Users/Exodi/Documents/Unreal Projects/YOON/Content/props/escritorio.uasset" 747
"C:/Users/Exodi/Documents/Unreal Projects/YOON/Content/props/escritorio.uexp" 748
"C:/Users/Exodi/Documents/Unreal Projects/YOON/Content/props/cama.uasset" 749
"C:/Users/Exodi/Documents/Unreal Projects/YOON/Content/props/cama.uexp" 750
"C:/Users/Exodi/Documents/Unreal Projects/YOON/Content/props/CajaMerged.uasset" 751
"C:/Users/Exodi/Documents/Unreal Projects/YOON/Content/props/CajaMerged.uexp" 752
"../../../Engine/Content/EngineSky/T_Sky_Stars.uasset" 753
"../../../Engine/Content/EngineSky/T_Sky_Stars.uexp" 754
"../../../Engine/Content/EngineSky/T_Sky_Stars.ubulk" 755
"../../../Engine/Content/EngineSky/T_Sky_Clouds_M.uasset" 756
"../../../Engine/Content/EngineSky/T_Sky_Clouds_M.uexp" 757
"../../../Engine/Content/EngineSky/T_Sky_Clouds_M.ubulk" 758
"../../../Engine/Content/EngineSky/T_Sky_Blue.uasset" 759
"../../../Engine/Content/EngineSky/T_Sky_Blue.uexp" 760
"../../../Engine/Content/EngineSky/T_Sky_Blue.ubulk" 761
"../../../Engine/Content/EngineMaterials/DefaultPhysicalMaterial.uasset" 762
"../../../Engine/Content/EngineMaterials/DefaultPhysicalMaterial.uexp" 763
"../../../Engine/Content/BasicShapes/Plane.uasset" 764
"../../../Engine/Content/BasicShapes/Plane.uexp" 765
"../../../Engine/Content/BasicShapes/Cube.uasset" 766
"../../../Engine/Content/BasicShapes/Cube.uexp" 767
"C:/Users/Exodi/Documents/Unreal Projects/YOON/Content/Megascans/Surfaces/Plush_Carpet_umonbbqdy/Roughness_2K_umonbbqdy.uasset" 768
"C:/Users/Exodi/Documents/Unreal Projects/YOON/Content/Megascans/Surfaces/Plush_Carpet_umonbbqdy/Roughness_2K_umonbbqdy.uexp" 769
"C:/Users/Exodi/Documents/Unreal Projects/YOON/Content/Megascans/Surfaces/Plush_Carpet_umonbbqdy/Roughness_2K_umonbbqdy.ubulk" 770
"C:/Users/Exodi/Documents/Unreal Projects/YOON/Content/Megascans/Surfaces/Plush_Carpet_umonbbqdy/Normal_2K_umonbbqdy.uasset" 771
"C:/Users/Exodi/Documents/Unreal Projects/YOON/Content/Megascans/Surfaces/Plush_Carpet_umonbbqdy/Normal_2K_umonbbqdy.uexp" 772
"C:/Users/Exodi/Documents/Unreal Projects/YOON/Content/Megascans/Surfaces/Plush_Carpet_umonbbqdy/Normal_2K_umonbbqdy.ubulk" 773
"C:/Users/Exodi/Documents/Unreal Projects/YOON/Content/Megascans/Surfaces/Plush_Carpet_umonbbqdy/Albedo_2K_umonbbqdy.uasset" 774
"C:/Users/Exodi/Documents/Unreal Projects/YOON/Content/Megascans/Surfaces/Plush_Carpet_umonbbqdy/Albedo_2K_umonbbqdy.uexp" 775
"C:/Users/Exodi/Documents/Unreal Projects/YOON/Content/Megascans/Surfaces/Plush_Carpet_umonbbqdy/Albedo_2K_umonbbqdy.ubulk" 776
"../../../Engine/Plugins/2D/Paper2D/Content/PlaceholderTextures/FlatNormalMap.uasset" 777
"../../../Engine/Plugins/2D/Paper2D/Content/PlaceholderTextures/FlatNormalMap.uexp" 778
"C:/Users/Exodi/Documents/Unreal Projects/YOON/Content/MSPresets/MSTextures/Metalness.uasset" 779
"C:/Users/Exodi/Documents/Unreal Projects/YOON/Content/MSPresets/MSTextures/Metalness.uexp" 780
"C:/Users/Exodi/Documents/Unreal Projects/YOON/Content/MSPresets/MSTextures/Metalness.ubulk" 781
"../../../Engine/Content/EngineMaterials/DefaultNormal.uasset" 782
"../../../Engine/Content/EngineMaterials/DefaultNormal.uexp" 783
"../../../Engine/Content/EngineMaterials/DefaultNormal.ubulk" 784
"../../../Engine/Content/ArtTools/RenderToTexture/Textures/127grey.uasset" 785
"../../../Engine/Content/ArtTools/RenderToTexture/Textures/127grey.uexp" 786
"C:/Users/Exodi/Documents/Unreal Projects/YOON/Content/MSPresets/MS_DefaultMaterial/Functions/MF_Transmission.uasset" 787
"C:/Users/Exodi/Documents/Unreal Projects/YOON/Content/MSPresets/MS_DefaultMaterial/Functions/MF_Transmission.uexp" 788
"../../../Engine/Content/Functions/Engine_MaterialFunctions02/Texturing/CustomRotator.uasset" 789
"../../../Engine/Content/Functions/Engine_MaterialFunctions02/Texturing/CustomRotator.uexp" 790
"C:/Users/Exodi/Documents/Unreal Projects/YOON/Content/MSPresets/MS_DefaultMaterial/Functions/MF_Tiling.uasset" 791
"C:/Users/Exodi/Documents/Unreal Projects/YOON/Content/MSPresets/MS_DefaultMaterial/Functions/MF_Tiling.uexp" 792
"C:/Users/Exodi/Documents/Unreal Projects/YOON/Content/MSPresets/MS_DefaultMaterial/Functions/MF_MapAdjustments.uasset" 793
"C:/Users/Exodi/Documents/Unreal Projects/YOON/Content/MSPresets/MS_DefaultMaterial/Functions/MF_MapAdjustments.uexp" 794
"C:/Users/Exodi/Documents/Unreal Projects/YOON/Content/MSPresets/MS_DefaultMaterial/Functions/MF_DetailNormalTiling.uasset" 795
"C:/Users/Exodi/Documents/Unreal Projects/YOON/Content/MSPresets/MS_DefaultMaterial/Functions/MF_DetailNormalTiling.uexp" 796
"C:/Users/Exodi/Documents/Unreal Projects/YOON/Content/MSPresets/MS_DefaultMaterial/MS_DefaultMaterial.uasset" 797
"C:/Users/Exodi/Documents/Unreal Projects/YOON/Content/MSPresets/MS_DefaultMaterial/MS_DefaultMaterial.uexp" 798
"C:/Users/Exodi/Documents/Unreal Projects/YOON/Content/Megascans/Surfaces/Plush_Carpet_umonbbqdy/Plush_Carpet_umonbbqdy_inst.uasset" 799
"C:/Users/Exodi/Documents/Unreal Projects/YOON/Content/Megascans/Surfaces/Plush_Carpet_umonbbqdy/Plush_Carpet_umonbbqdy_inst.uexp" 800
"C:/Users/Exodi/Documents/Unreal Projects/YOON/Content/Megascans/Surfaces/Decorative_Stone_Tiles_vh3ndjx/Roughness_2K_vh3ndjx.uasset" 801
"C:/Users/Exodi/Documents/Unreal Projects/YOON/Content/Megascans/Surfaces/Decorative_Stone_Tiles_vh3ndjx/Roughness_2K_vh3ndjx.uexp" 802
"C:/Users/Exodi/Documents/Unreal Projects/YOON/Content/Megascans/Surfaces/Decorative_Stone_Tiles_vh3ndjx/Roughness_2K_vh3ndjx.ubulk" 803
"C:/Users/Exodi/Documents/Unreal Projects/YOON/Content/Megascans/Surfaces/Decorative_Stone_Tiles_vh3ndjx/Normal_2K_vh3ndjx.uasset" 804
"C:/Users/Exodi/Documents/Unreal Projects/YOON/Content/Megascans/Surfaces/Decorative_Stone_Tiles_vh3ndjx/Normal_2K_vh3ndjx.uexp" 805
"C:/Users/Exodi/Documents/Unreal Projects/YOON/Content/Megascans/Surfaces/Decorative_Stone_Tiles_vh3ndjx/Normal_2K_vh3ndjx.ubulk" 806
"C:/Users/Exodi/Documents/Unreal Projects/YOON/Content/Megascans/Surfaces/Decorative_Stone_Tiles_vh3ndjx/Albedo_2K_vh3ndjx.uasset" 807
"C:/Users/Exodi/Documents/Unreal Projects/YOON/Content/Megascans/Surfaces/Decorative_Stone_Tiles_vh3ndjx/Albedo_2K_vh3ndjx.uexp" 808
"C:/Users/Exodi/Documents/Unreal Projects/YOON/Content/Megascans/Surfaces/Decorative_Stone_Tiles_vh3ndjx/Albedo_2K_vh3ndjx.ubulk" 809
"C:/Users/Exodi/Documents/Unreal Projects/YOON/Content/Megascans/Surfaces/Decorative_Stone_Tiles_vh3ndjx/Decorative_Stone_Tiles_vh3ndjx_inst.uasset" 810
"C:/Users/Exodi/Documents/Unreal Projects/YOON/Content/Megascans/Surfaces/Decorative_Stone_Tiles_vh3ndjx/Decorative_Stone_Tiles_vh3ndjx_inst.uexp" 811
"C:/Users/Exodi/Documents/Unreal Projects/YOON/Content/Megascans/Surfaces/Copper_Inlay_Marble_Tiles_vdlmacov/Roughness_2K_vdlmacov.uasset" 812
"C:/Users/Exodi/Documents/Unreal Projects/YOON/Content/Megascans/Surfaces/Copper_Inlay_Marble_Tiles_vdlmacov/Roughness_2K_vdlmacov.uexp" 813
"C:/Users/Exodi/Documents/Unreal Projects/YOON/Content/Megascans/Surfaces/Copper_Inlay_Marble_Tiles_vdlmacov/Roughness_2K_vdlmacov.ubulk" 814
"C:/Users/Exodi/Documents/Unreal Projects/YOON/Content/Megascans/Surfaces/Copper_Inlay_Marble_Tiles_vdlmacov/Normal_2K_vdlmacov.uasset" 815
"C:/Users/Exodi/Documents/Unreal Projects/YOON/Content/Megascans/Surfaces/Copper_Inlay_Marble_Tiles_vdlmacov/Normal_2K_vdlmacov.uexp" 816
"C:/Users/Exodi/Documents/Unreal Projects/YOON/Content/Megascans/Surfaces/Copper_Inlay_Marble_Tiles_vdlmacov/Normal_2K_vdlmacov.ubulk" 817
"C:/Users/Exodi/Documents/Unreal Projects/YOON/Content/Megascans/Surfaces/Copper_Inlay_Marble_Tiles_vdlmacov/Albedo_2K_vdlmacov.uasset" 818
"C:/Users/Exodi/Documents/Unreal Projects/YOON/Content/Megascans/Surfaces/Copper_Inlay_Marble_Tiles_vdlmacov/Albedo_2K_vdlmacov.uexp" 819
"C:/Users/Exodi/Documents/Unreal Projects/YOON/Content/Megascans/Surfaces/Copper_Inlay_Marble_Tiles_vdlmacov/Albedo_2K_vdlmacov.ubulk" 820
"C:/Users/Exodi/Documents/Unreal Projects/YOON/Content/Megascans/Surfaces/Copper_Inlay_Marble_Tiles_vdlmacov/Copper_Inlay_Marble_Tiles_vdlmacov_inst.uasset" 821
"C:/Users/Exodi/Documents/Unreal Projects/YOON/Content/Megascans/Surfaces/Copper_Inlay_Marble_Tiles_vdlmacov/Copper_Inlay_Marble_Tiles_vdlmacov_inst.uexp" 822
"C:/Users/Exodi/Documents/Unreal Projects/YOON/Content/StarterContent/Materials/M_Ground_Grass.uasset" 823
"C:/Users/Exodi/Documents/Unreal Projects/YOON/Content/StarterContent/Materials/M_Ground_Grass.uexp" 824
"C:/Users/Exodi/Documents/Unreal Projects/YOON/Content/props/team-fortress-2.uasset" 825
"C:/Users/Exodi/Documents/Unreal Projects/YOON/Content/props/team-fortress-2.uexp" 826
"C:/Users/Exodi/Documents/Unreal Projects/YOON/Content/props/team-fortress-2_Mat.uasset" 827
"C:/Users/Exodi/Documents/Unreal Projects/YOON/Content/props/team-fortress-2_Mat.uexp" 828
"C:/Users/Exodi/Documents/Unreal Projects/YOON/Content/Materials/guaton.uasset" 829
"C:/Users/Exodi/Documents/Unreal Projects/YOON/Content/Materials/guaton.uexp" 830
"C:/Users/Exodi/Documents/Unreal Projects/YOON/Content/Materials/guaton_Mat.uasset" 831
"C:/Users/Exodi/Documents/Unreal Projects/YOON/Content/Materials/guaton_Mat.uexp" 832
"C:/Users/Exodi/Documents/Unreal Projects/YOON/Content/Materials/Green.uasset" 833
"C:/Users/Exodi/Documents/Unreal Projects/YOON/Content/Materials/Green.uexp" 834
"C:/Users/Exodi/Documents/Unreal Projects/YOON/Content/Materials/Blank.uasset" 835
"C:/Users/Exodi/Documents/Unreal Projects/YOON/Content/Materials/Blank.uexp" 836
"C:/Users/Exodi/Documents/Unreal Projects/YOON/Content/Hud/seth.uasset" 837
"C:/Users/Exodi/Documents/Unreal Projects/YOON/Content/Hud/seth.uexp" 838
"C:/Users/Exodi/Documents/Unreal Projects/YOON/Content/Hud/seth_Mat.uasset" 839
"C:/Users/Exodi/Documents/Unreal Projects/YOON/Content/Hud/seth_Mat.uexp" 840
"../../../Engine/Content/EngineSky/M_Sky_Panning_Clouds2.uasset" 841
"../../../Engine/Content/EngineSky/M_Sky_Panning_Clouds2.uexp" 842
"C:/Users/Exodi/Documents/Unreal Projects/YOON/Content/Maps/E1M1_BuiltData.uasset" 843
"C:/Users/Exodi/Documents/Unreal Projects/YOON/Content/Maps/E1M1_BuiltData.uexp" 844
"C:/Users/Exodi/Documents/Unreal Projects/YOON/Content/Maps/E1M1_BuiltData.ubulk" 845
"C:/Users/Exodi/Documents/Unreal Projects/YOON/Content/Materials/nueces.uasset" 846
"C:/Users/Exodi/Documents/Unreal Projects/YOON/Content/Materials/nueces.uexp" 847
"C:/Users/Exodi/Documents/Unreal Projects/YOON/Content/Materials/nueces_Mat.uasset" 848
"C:/Users/Exodi/Documents/Unreal Projects/YOON/Content/Materials/nueces_Mat.uexp" 849
"C:/Users/Exodi/Documents/Unreal Projects/YOON/Content/Blueprints/Doom_s_Pick_up_Sound.uasset" 850
"C:/Users/Exodi/Documents/Unreal Projects/YOON/Content/Blueprints/Doom_s_Pick_up_Sound.uexp" 851
"C:/Users/Exodi/Documents/Unreal Projects/YOON/Content/Blueprints/nutpistola1.uasset" 852
"C:/Users/Exodi/Documents/Unreal Projects/YOON/Content/Blueprints/nutpistola1.uexp" 853
"C:/Users/Exodi/Documents/Unreal Projects/YOON/Content/Blueprints/nutpistola1.ubulk" 854
"C:/Users/Exodi/Documents/Unreal Projects/YOON/Content/Blueprints/palette.uasset" 855
"C:/Users/Exodi/Documents/Unreal Projects/YOON/Content/Blueprints/palette.uexp" 856
"C:/Users/Exodi/Documents/Unreal Projects/YOON/Content/Blueprints/porotoMed.uasset" 857
"C:/Users/Exodi/Documents/Unreal Projects/YOON/Content/Blueprints/porotoMed.uexp" 858
"C:/Users/Exodi/Documents/Unreal Projects/YOON/Content/Megascans/Surfaces/Medieval_Iron_Door_ub1gfbwew/Roughness_2K_ub1gfbwew.uasset" 859
"C:/Users/Exodi/Documents/Unreal Projects/YOON/Content/Megascans/Surfaces/Medieval_Iron_Door_ub1gfbwew/Roughness_2K_ub1gfbwew.uexp" 860
"C:/Users/Exodi/Documents/Unreal Projects/YOON/Content/Megascans/Surfaces/Medieval_Iron_Door_ub1gfbwew/Roughness_2K_ub1gfbwew.ubulk" 861
"C:/Users/Exodi/Documents/Unreal Projects/YOON/Content/Megascans/Surfaces/Medieval_Iron_Door_ub1gfbwew/Normal_2K_ub1gfbwew.uasset" 862
"C:/Users/Exodi/Documents/Unreal Projects/YOON/Content/Megascans/Surfaces/Medieval_Iron_Door_ub1gfbwew/Normal_2K_ub1gfbwew.uexp" 863
"C:/Users/Exodi/Documents/Unreal Projects/YOON/Content/Megascans/Surfaces/Medieval_Iron_Door_ub1gfbwew/Normal_2K_ub1gfbwew.ubulk" 864
"C:/Users/Exodi/Documents/Unreal Projects/YOON/Content/Megascans/Surfaces/Medieval_Iron_Door_ub1gfbwew/Albedo_2K_ub1gfbwew.uasset" 865
"C:/Users/Exodi/Documents/Unreal Projects/YOON/Content/Megascans/Surfaces/Medieval_Iron_Door_ub1gfbwew/Albedo_2K_ub1gfbwew.uexp" 866
"C:/Users/Exodi/Documents/Unreal Projects/YOON/Content/Megascans/Surfaces/Medieval_Iron_Door_ub1gfbwew/Albedo_2K_ub1gfbwew.ubulk" 867
"C:/Users/Exodi/Documents/Unreal Projects/YOON/Content/Megascans/Surfaces/Medieval_Iron_Door_ub1gfbwew/Medieval_Iron_Door_ub1gfbwew_inst.uasset" 868
"C:/Users/Exodi/Documents/Unreal Projects/YOON/Content/Megascans/Surfaces/Medieval_Iron_Door_ub1gfbwew/Medieval_Iron_Door_ub1gfbwew_inst.uexp" 869
"C:/Users/Exodi/Documents/Unreal Projects/YOON/Content/song/pepe.uasset" 870
"C:/Users/Exodi/Documents/Unreal Projects/YOON/Content/song/pepe.uexp" 871
"../../../Engine/Content/MapTemplates/Materials/BasicAsset03.uasset" 872
"../../../Engine/Content/MapTemplates/Materials/BasicAsset03.uexp" 873
"C:/Users/Exodi/Documents/Unreal Projects/YOON/Content/Blueprints/nutpistola.uasset" 874
"C:/Users/Exodi/Documents/Unreal Projects/YOON/Content/Blueprints/nutpistola.uexp" 875
"C:/Users/Exodi/Documents/Unreal Projects/YOON/Content/Blueprints/nutpistola.ubulk" 876
"C:/Users/Exodi/Documents/Unreal Projects/YOON/Content/Blueprints/nutescopeta.uasset" 877
"C:/Users/Exodi/Documents/Unreal Projects/YOON/Content/Blueprints/nutescopeta.uexp" 878
"C:/Users/Exodi/Documents/Unreal Projects/YOON/Content/Materials/Blue.uasset" 879
"C:/Users/Exodi/Documents/Unreal Projects/YOON/Content/Materials/Blue.uexp" 880
"../../../Engine/Content/EngineSky/SM_SkySphere.uasset" 881
"../../../Engine/Content/EngineSky/SM_SkySphere.uexp" 882
"../../../Engine/Content/EngineSky/C_Sky_Zenith_Color.uasset" 883
"../../../Engine/Content/EngineSky/C_Sky_Zenith_Color.uexp" 884
"../../../Engine/Content/EngineSky/C_Sky_Horizon_Color.uasset" 885
"../../../Engine/Content/EngineSky/C_Sky_Horizon_Color.uexp" 886
"../../../Engine/Content/EngineSky/C_Sky_Cloud_Color.uasset" 887
"../../../Engine/Content/EngineSky/C_Sky_Cloud_Color.uexp" 888
"C:/Users/Exodi/Documents/Unreal Projects/YOON/Content/Maps/E1M1.uexp" 889
"C:/Users/Exodi/Documents/Unreal Projects/YOON/Content/Maps/E1M1.ubulk" 890
"C:/Users/Exodi/Documents/Unreal Projects/YOON/Content/Maps/E1M1.umap" 891
"C:/Users/Exodi/Documents/Unreal Projects/YOON/Content/Maps/Main_MenuAsset/MenuPlayerController.uasset" 892
"C:/Users/Exodi/Documents/Unreal Projects/YOON/Content/Maps/Main_MenuAsset/MenuPlayerController.uexp" 893
"C:/Users/Exodi/Documents/Unreal Projects/YOON/Content/Maps/Main_MenuAsset/MainMenuGamemode.uasset" 894
"C:/Users/Exodi/Documents/Unreal Projects/YOON/Content/Maps/Main_MenuAsset/MainMenuGamemode.uexp" 895
"C:/Users/Exodi/Documents/Unreal Projects/YOON/Content/Maps/Main_MenuAsset/Doom_Eternal_-_Main_Theme__Official_Version_.uasset" 896
"C:/Users/Exodi/Documents/Unreal Projects/YOON/Content/Maps/Main_MenuAsset/Doom_Eternal_-_Main_Theme__Official_Version_.uexp" 897
"C:/Users/Exodi/Documents/Unreal Projects/YOON/Content/Maps/Main_MenuAsset/gigachod.uasset" 898
"C:/Users/Exodi/Documents/Unreal Projects/YOON/Content/Maps/Main_MenuAsset/gigachod.uexp" 899
"C:/Users/Exodi/Documents/Unreal Projects/YOON/Content/Maps/MainMenuLevel_BuiltData.uasset" 900
"C:/Users/Exodi/Documents/Unreal Projects/YOON/Content/Maps/MainMenuLevel_BuiltData.uexp" 901
"C:/Users/Exodi/Documents/Unreal Projects/YOON/Content/Maps/MainMenuLevel_BuiltData.ubulk" 902
"C:/Users/Exodi/Documents/Unreal Projects/YOON/Content/StarterContent/Props/SM_Lamp_Wall.uasset" 903
"C:/Users/Exodi/Documents/Unreal Projects/YOON/Content/StarterContent/Props/SM_Lamp_Wall.uexp" 904
"C:/Users/Exodi/Documents/Unreal Projects/YOON/Content/Maps/MainMenuLevel.uexp" 905
"C:/Users/Exodi/Documents/Unreal Projects/YOON/Content/Maps/MainMenuLevel.umap" 906
"../../../Engine/Content/Maps/Entry_BuiltData.uasset" 907
"../../../Engine/Content/Maps/Entry_BuiltData.uexp" 908
"../../../Engine/Content/Maps/Entry.uexp" 909
"../../../Engine/Content/Maps/Entry.umap" 910
